<?xml version="1.0" encoding="UTF-8"?>
<testsuite xmlns:xsi="http://www.w3.org/2001/XMLSchema-instance" xsi:noNamespaceSchemaLocation="https://maven.apache.org/surefire/maven-failsafe-plugin/xsd/failsafe-test-report-3.0.xsd" version="3.0" name="starter.CucumberTestSuite" time="64.297" tests="28" errors="0" skipped="0" failures="0">
  <properties>
[...]
</properties>
  <testcase name="POST - Register with valid data" classname="Register" time="24.068">
    <system-out><![CDATA[21:57:03.388 [main] DEBUG net.thucydides.core.guice.Injectors - Created injector for module net.thucydides.core.guice.ThucydidesModule
21:57:04.289 [main] DEBUG io.cucumber.core.plugin.SerenityReporter - Running feature from file:///D:/download/API_Minpro%20(1)/APIMinpro/API/minpro/src/test/resources/features/1.%20Register.feature
21:57:04.833 [main] DEBUG net.thucydides.core.guice.Injectors - Created injector for module net.thucydides.core.guice.webdriver.WebDriverModule
21:57:04.877 [main] INFO  - 

-------------------------------------------------------------------------------------
     _______. _______ .______       _______ .__   __.  __  .___________.____    ____ 
    /       ||   ____||   _  \     |   ____||  \ |  | |  | |           |\   \  /   / 
   |   (----`|  |__   |  |_)  |    |  |__   |   \|  | |  | `---|  |----` \   \/   /  
    \   \    |   __|  |      /     |   __|  |  . `  | |  |     |  |       \_    _/   
.----)   |   |  |____ |  |\  \----.|  |____ |  |\   | |  |     |  |         |  |     
|_______/    |_______|| _| `._____||_______||__| \__| |__|     |__|         |__|    
                                                                                     
 News and tutorials at http://www.serenity-bdd.info                                  
 Documentation at https://wakaleo.gitbooks.io/the-serenity-book/content/             
 Join the Serenity Community on Gitter: https://gitter.im/serenity-bdd/serenity-core 
 Serenity BDD Support and Training at http://serenity-bdd.info/#/trainingandsupport  
-------------------------------------------------------------------------------------

21:57:04.880 [main] DEBUG net.thucydides.core.steps.StepEventBus - Test suite started for story net.thucydides.core.model.Story@773abe6e
21:57:04.884 [main] INFO  - Test Suite Started: Register
21:57:04.969 [main] DEBUG io.cucumber.core.plugin.SerenityReporter - Running feature from file:///D:/download/API_Minpro%20(1)/APIMinpro/API/minpro/src/test/resources/features/2.%20Login.feature
21:57:04.977 [main] DEBUG net.thucydides.core.steps.StepEventBus - Test suite started for story net.thucydides.core.model.Story@86b1dd01
21:57:04.978 [main] INFO  - Test Suite Started: Login
21:57:04.978 [main] DEBUG io.cucumber.core.plugin.SerenityReporter - Running feature from file:///D:/download/API_Minpro%20(1)/APIMinpro/API/minpro/src/test/resources/features/3.%20User.feature
21:57:04.985 [main] DEBUG net.thucydides.core.steps.StepEventBus - Test suite started for story net.thucydides.core.model.Story@11e807f1
21:57:04.986 [main] INFO  - Test Suite Started: User Information
21:57:04.986 [main] DEBUG io.cucumber.core.plugin.SerenityReporter - Running feature from file:///D:/download/API_Minpro%20(1)/APIMinpro/API/minpro/src/test/resources/features/4.%20Categories.feature
21:57:04.997 [main] DEBUG net.thucydides.core.steps.StepEventBus - Test suite started for story net.thucydides.core.model.Story@1b5f86d1
21:57:04.998 [main] INFO  - Test Suite Started: Categories
21:57:04.998 [main] DEBUG io.cucumber.core.plugin.SerenityReporter - Running feature from file:///D:/download/API_Minpro%20(1)/APIMinpro/API/minpro/src/test/resources/features/5.%20Product.feature
21:57:05.011 [main] DEBUG net.thucydides.core.steps.StepEventBus - Test suite started for story net.thucydides.core.model.Story@5c78189e
21:57:05.012 [main] INFO  - Test Suite Started: Product
21:57:05.012 [main] DEBUG io.cucumber.core.plugin.SerenityReporter - Running feature from file:///D:/download/API_Minpro%20(1)/APIMinpro/API/minpro/src/test/resources/features/6.%20Order.feature
21:57:05.021 [main] DEBUG net.thucydides.core.steps.StepEventBus - Test suite started for story net.thucydides.core.model.Story@421cad1d
21:57:05.022 [main] INFO  - Test Suite Started: Order
21:57:05.023 [main] DEBUG io.cucumber.core.plugin.SerenityReporter - Running feature from file:///D:/download/API_Minpro%20(1)/APIMinpro/API/minpro/src/test/resources/features/7.%20Rating.feature
21:57:05.030 [main] DEBUG net.thucydides.core.steps.StepEventBus - Test suite started for story net.thucydides.core.model.Story@a2cc97b4
21:57:05.031 [main] INFO  - Test Suite Started: Rating
21:57:05.033 [main] DEBUG io.cucumber.core.plugin.SerenityReporter - Running feature from file:///D:/download/API_Minpro%20(1)/APIMinpro/API/minpro/src/test/resources/features/1.%20Register.feature
21:57:05.045 [main] DEBUG net.thucydides.core.steps.StepEventBus - Test suite started for story net.thucydides.core.model.Story@773abe6e
21:57:05.046 [main] INFO  - Test Suite Started: Register

Scenario: POST - Register with valid data              &amp#27;[90m# src/test/resources/features/1. Register.feature:7&amp#27;[0m
21:57:05.264 [main] DEBUG io.cucumber.core.plugin.SerenityReporter - Running feature from file:///D:/download/API_Minpro%20(1)/APIMinpro/API/minpro/src/test/resources/features/1.%20Register.feature
21:57:05.538 [main] INFO  - 
  _____   ___   ___   _____     ___   _____     _     ___   _____   ___   ___  
 |_   _| | __| / __| |_   _|   / __| |_   _|   /_\   | _ \ |_   _| | __| |   \ 
   | |   | _|  \__ \   | |     \__ \   | |    / _ \  |   /   | |   | _|  | |) |
   |_|   |___| |___/   |_|     |___/   |_|   /_/ \_\ |_|_\   |_|   |___| |___/ 

POST - Register with valid data(register;post---register-with-valid-data)
--------------------------------------------------------------------------------
21:57:05.845 [main] DEBUG net.thucydides.core.requirements.model.cucumber.CucumberParser - Loading feature D:\download\API_Minpro (1)\APIMinpro\API\minpro\src\test\resources\features\1. Register.feature
21:57:05.892 [main] DEBUG net.thucydides.core.requirements.model.cucumber.CucumberParser - Loading feature D:\download\API_Minpro (1)\APIMinpro\API\minpro\src\test\resources\features\2. Login.feature
21:57:05.911 [main] DEBUG net.thucydides.core.requirements.model.cucumber.CucumberParser - Loading feature D:\download\API_Minpro (1)\APIMinpro\API\minpro\src\test\resources\features\3. User.feature
21:57:05.918 [main] DEBUG net.thucydides.core.requirements.model.cucumber.CucumberParser - Loading feature D:\download\API_Minpro (1)\APIMinpro\API\minpro\src\test\resources\features\4. Categories.feature
21:57:05.939 [main] DEBUG net.thucydides.core.requirements.model.cucumber.CucumberParser - Loading feature D:\download\API_Minpro (1)\APIMinpro\API\minpro\src\test\resources\features\5. Product.feature
21:57:05.951 [main] DEBUG net.thucydides.core.requirements.model.cucumber.CucumberParser - Loading feature D:\download\API_Minpro (1)\APIMinpro\API\minpro\src\test\resources\features\6. Order.feature
21:57:05.960 [main] DEBUG net.thucydides.core.requirements.model.cucumber.CucumberParser - Loading feature D:\download\API_Minpro (1)\APIMinpro\API\minpro\src\test\resources\features\7. Rating.feature
21:57:07.437 [main] DEBUG net.thucydides.core.steps.StepInterceptor - STARTING STEP: RegisterSteps.setPostApiEndpointsRegister - I set POST api endpoints register
21:57:07.461 [main] DEBUG net.thucydides.core.steps.StepInterceptor - STEP DONE: I set POST api endpoints register
  &amp#27;[32mGiven &amp#27;[0m&amp#27;[32mI set POST api endpoints register&amp#27;[0m              &amp#27;[90m# starter.stepdefinitions.RegisterSteps.setPostApiEndpointsRegister()&amp#27;[0m
21:57:07.484 [main] DEBUG net.thucydides.core.steps.StepInterceptor - STARTING STEP: RegisterSteps.sendPostHttpRequestRegister - I send POST HTTP request register
21:57:15.058 [main] DEBUG net.thucydides.core.steps.StepInterceptor - STARTING STEP: Register.sendPostHttpRequestRegister - I set POST api endpoints register
21:57:15.059 [main] DEBUG net.thucydides.core.steps.StepInterceptor - STEP DONE: I set POST api endpoints register
21:57:16.847 [main] DEBUG org.apache.http.impl.conn.BasicClientConnectionManager - Get connection for route {s}->https://altashop-api.fly.dev:443
21:57:27.947 [main] DEBUG org.apache.http.impl.conn.DefaultClientConnectionOperator - Connecting to altashop-api.fly.dev:443
21:57:28.726 [main] DEBUG org.apache.http.client.protocol.RequestAddCookies - CookieSpec selected: ignoreCookies
21:57:28.728 [main] DEBUG org.apache.http.client.protocol.RequestAuthCache - Auth cache not set in the context
21:57:28.728 [main] DEBUG org.apache.http.client.protocol.RequestTargetAuthentication - Target auth state: UNCHALLENGED
21:57:28.729 [main] DEBUG org.apache.http.client.protocol.RequestProxyAuthentication - Proxy auth state: UNCHALLENGED
21:57:28.729 [main] DEBUG org.apache.http.impl.client.DefaultHttpClient - Attempt 1 to execute request
21:57:28.730 [main] DEBUG org.apache.http.impl.conn.DefaultClientConnection - Sending request: POST /api/auth/register HTTP/1.1
21:57:28.730 [main] DEBUG org.apache.http.wire -  >> "POST /api/auth/register HTTP/1.1[\r][\n]"
21:57:28.731 [main] DEBUG org.apache.http.wire -  >> "Accept: */*[\r][\n]"
21:57:28.732 [main] DEBUG org.apache.http.wire -  >> "Content-Type: application/json[\r][\n]"
21:57:28.732 [main] DEBUG org.apache.http.wire -  >> "Content-Length: 70[\r][\n]"
21:57:28.732 [main] DEBUG org.apache.http.wire -  >> "Host: altashop-api.fly.dev[\r][\n]"
21:57:28.732 [main] DEBUG org.apache.http.wire -  >> "Connection: Keep-Alive[\r][\n]"
21:57:28.732 [main] DEBUG org.apache.http.wire -  >> "User-Agent: Apache-HttpClient/4.5.13 (Java/19.0.2)[\r][\n]"
21:57:28.732 [main] DEBUG org.apache.http.wire -  >> "Accept-Encoding: gzip,deflate[\r][\n]"
21:57:28.733 [main] DEBUG org.apache.http.wire -  >> "[\r][\n]"
21:57:28.733 [main] DEBUG org.apache.http.headers - >> POST /api/auth/register HTTP/1.1
21:57:28.733 [main] DEBUG org.apache.http.headers - >> Accept: */*
21:57:28.733 [main] DEBUG org.apache.http.headers - >> Content-Type: application/json
21:57:28.733 [main] DEBUG org.apache.http.headers - >> Content-Length: 70
21:57:28.733 [main] DEBUG org.apache.http.headers - >> Host: altashop-api.fly.dev
21:57:28.733 [main] DEBUG org.apache.http.headers - >> Connection: Keep-Alive
21:57:28.734 [main] DEBUG org.apache.http.headers - >> User-Agent: Apache-HttpClient/4.5.13 (Java/19.0.2)
21:57:28.734 [main] DEBUG org.apache.http.headers - >> Accept-Encoding: gzip,deflate
21:57:28.734 [main] DEBUG org.apache.http.wire -  >> "{"password":"dbbdchdgcd","fullname":"dbbdchdgcd","email":"dbbdchdgcd"}"
21:57:28.913 [main] DEBUG org.apache.http.wire -  << "HTTP/1.1 200 OK[\r][\n]"
21:57:28.914 [main] DEBUG org.apache.http.wire -  << "content-type: application/json[\r][\n]"
21:57:28.915 [main] DEBUG org.apache.http.wire -  << "date: Wed, 10 May 2023 14:57:28 GMT[\r][\n]"
21:57:28.915 [main] DEBUG org.apache.http.wire -  << "content-encoding: gzip[\r][\n]"
21:57:28.915 [main] DEBUG org.apache.http.wire -  << "transfer-encoding: chunked[\r][\n]"
21:57:28.915 [main] DEBUG org.apache.http.wire -  << "server: Fly/3f2597ca (2023-05-03)[\r][\n]"
21:57:28.915 [main] DEBUG org.apache.http.wire -  << "via: 1.1 fly.io[\r][\n]"
21:57:28.915 [main] DEBUG org.apache.http.wire -  << "fly-request-id: 01H032NK3QMDCMBBT40G1A72M1-sin[\r][\n]"
21:57:28.915 [main] DEBUG org.apache.http.wire -  << "[\r][\n]"
21:57:28.916 [main] DEBUG org.apache.http.impl.conn.DefaultClientConnection - Receiving response: HTTP/1.1 200 OK
21:57:28.917 [main] DEBUG org.apache.http.headers - << HTTP/1.1 200 OK
21:57:28.917 [main] DEBUG org.apache.http.headers - << content-type: application/json
21:57:28.917 [main] DEBUG org.apache.http.headers - << date: Wed, 10 May 2023 14:57:28 GMT
21:57:28.917 [main] DEBUG org.apache.http.headers - << content-encoding: gzip
21:57:28.917 [main] DEBUG org.apache.http.headers - << transfer-encoding: chunked
21:57:28.917 [main] DEBUG org.apache.http.headers - << server: Fly/3f2597ca (2023-05-03)
21:57:28.917 [main] DEBUG org.apache.http.headers - << via: 1.1 fly.io
21:57:28.917 [main] DEBUG org.apache.http.headers - << fly-request-id: 01H032NK3QMDCMBBT40G1A72M1-sin
21:57:28.926 [main] DEBUG org.apache.http.impl.client.DefaultHttpClient - Connection can be kept alive indefinitely
21:57:28.934 [main] DEBUG io.restassured.internal.RestAssuredHttpBuilder - Parsing response as: application/json
21:57:28.935 [main] DEBUG org.apache.http.wire -  << "55[\r][\n]"
21:57:28.935 [main] DEBUG org.apache.http.wire -  << "[0x1f][0x8b][0x8][0x0][0x0][0x0][0x0][0x0][0x4][0xff][0xab]VJI,IT[0xb2][0xaa]V[0xf2]tQ[0xb2]22665[0xd1]Qr+[0xcd][0xc9][0xc9]K[0xcc]MU[0xb2]RJIJJI[0xce]HIONQ[0xd2]Qr[0xcd]M[0xcc][0xcc]A[0x17][0xc]H,..[0xcf]/JA[0x15][0xaf][0xad][0xe5][0x2][0x0][0x99];u|[[0x0][0x0][0x0]"
21:57:28.935 [main] DEBUG org.apache.http.wire -  << "[\r][\n]"
21:57:28.935 [main] DEBUG org.apache.http.wire -  << "0[\r][\n]"
21:57:28.935 [main] DEBUG org.apache.http.wire -  << "[\r][\n]"
21:57:28.936 [main] DEBUG io.restassured.internal.RestAssuredHttpBuilder - Parsed data to instance of: class org.apache.http.conn.EofSensorInputStream
21:57:29.033 [main] DEBUG org.apache.http.impl.conn.BasicClientConnectionManager - Releasing connection org.apache.http.impl.conn.ManagedClientConnectionImpl@3cf06a01
21:57:29.033 [main] DEBUG org.apache.http.impl.conn.BasicClientConnectionManager - Connection can be kept alive indefinitely
21:57:29.042 [main] DEBUG net.thucydides.core.steps.StepInterceptor - STEP DONE: I send POST HTTP request register
  &amp#27;[32mWhen &amp#27;[0m&amp#27;[32mI send POST HTTP request register&amp#27;[0m               &amp#27;[90m# starter.stepdefinitions.RegisterSteps.sendPostHttpRequestRegister()&amp#27;[0m
21:57:29.050 [main] DEBUG net.thucydides.core.steps.StepInterceptor - STARTING STEP: RegisterSteps.receiveValidHttp200Register - I receive valid HTTP response code 200 register
21:57:29.101 [main] DEBUG net.thucydides.core.steps.StepInterceptor - STEP DONE: I receive valid HTTP response code 200 register
  &amp#27;[32mThen &amp#27;[0m&amp#27;[32mI receive valid HTTP response code 200 register&amp#27;[0m &amp#27;[90m# starter.stepdefinitions.RegisterSteps.receiveValidHttp200Register()&amp#27;[0m
21:57:29.111 [main] INFO  - 
  _____   ___   ___   _____     ___     _     ___   ___   ___   ___  
 |_   _| | __| / __| |_   _|   | _ \   /_\   / __| / __| | __| |   \ 
   | |   | _|  \__ \   | |     |  _/  / _ \  \__ \ \__ \ | _|  | |) |
   |_|   |___| |___/   |_|     |_|   /_/ \_\ |___/ |___/ |___| |___/ 

POST - Register with valid data
----------------------------------------------------------------------
]]></system-out>
  </testcase>
  <testcase name="POST - Register without fullname" classname="Register" time="6.057">
    <system-out><![CDATA[
Scenario: POST - Register without fullname             &amp#27;[90m# src/test/resources/features/1. Register.feature:12&amp#27;[0m
21:57:29.144 [main] DEBUG io.cucumber.core.plugin.SerenityReporter - Running feature from file:///D:/download/API_Minpro%20(1)/APIMinpro/API/minpro/src/test/resources/features/1.%20Register.feature
21:57:29.150 [main] INFO  - 
  _____   ___   ___   _____     ___   _____     _     ___   _____   ___   ___  
 |_   _| | __| / __| |_   _|   / __| |_   _|   /_\   | _ \ |_   _| | __| |   \ 
   | |   | _|  \__ \   | |     \__ \   | |    / _ \  |   /   | |   | _|  | |) |
   |_|   |___| |___/   |_|     |___/   |_|   /_/ \_\ |_|_\   |_|   |___| |___/ 

POST - Register without fullname(register;post---register-without-fullname)
--------------------------------------------------------------------------------
21:57:29.183 [main] DEBUG net.thucydides.core.steps.StepInterceptor - STARTING STEP: RegisterSteps.setPostApiEndpointsRegister - I set POST api endpoints register
21:57:29.184 [main] DEBUG net.thucydides.core.steps.StepInterceptor - STEP DONE: I set POST api endpoints register
  &amp#27;[32mGiven &amp#27;[0m&amp#27;[32mI set POST api endpoints register&amp#27;[0m              &amp#27;[90m# starter.stepdefinitions.RegisterSteps.setPostApiEndpointsRegister()&amp#27;[0m
21:57:29.199 [main] DEBUG net.thucydides.core.steps.StepInterceptor - STARTING STEP: RegisterSteps.sendPostHttpRequestRegister2 - I send POST HTTP request register2
21:57:29.209 [main] DEBUG net.thucydides.core.steps.StepInterceptor - STARTING STEP: Register.sendPostHttpRequestRegister2 - I set POST api endpoints register
21:57:29.210 [main] DEBUG net.thucydides.core.steps.StepInterceptor - STEP DONE: I set POST api endpoints register
21:57:29.271 [main] DEBUG org.apache.http.impl.conn.BasicClientConnectionManager - Get connection for route {s}->https://altashop-api.fly.dev:443
21:57:29.272 [main] DEBUG org.apache.http.impl.conn.DefaultClientConnectionOperator - Connecting to altashop-api.fly.dev:443
21:57:29.506 [main] DEBUG org.apache.http.client.protocol.RequestAddCookies - CookieSpec selected: ignoreCookies
21:57:29.506 [main] DEBUG org.apache.http.client.protocol.RequestAuthCache - Auth cache not set in the context
21:57:29.506 [main] DEBUG org.apache.http.client.protocol.RequestTargetAuthentication - Target auth state: UNCHALLENGED
21:57:29.506 [main] DEBUG org.apache.http.client.protocol.RequestProxyAuthentication - Proxy auth state: UNCHALLENGED
21:57:29.506 [main] DEBUG org.apache.http.impl.client.DefaultHttpClient - Attempt 1 to execute request
21:57:29.506 [main] DEBUG org.apache.http.impl.conn.DefaultClientConnection - Sending request: POST /api/auth/register HTTP/1.1
21:57:29.506 [main] DEBUG org.apache.http.wire -  >> "POST /api/auth/register HTTP/1.1[\r][\n]"
21:57:29.506 [main] DEBUG org.apache.http.wire -  >> "Accept: */*[\r][\n]"
21:57:29.506 [main] DEBUG org.apache.http.wire -  >> "Content-Type: application/json[\r][\n]"
21:57:29.506 [main] DEBUG org.apache.http.wire -  >> "Content-Length: 60[\r][\n]"
21:57:29.506 [main] DEBUG org.apache.http.wire -  >> "Host: altashop-api.fly.dev[\r][\n]"
21:57:29.506 [main] DEBUG org.apache.http.wire -  >> "Connection: Keep-Alive[\r][\n]"
21:57:29.506 [main] DEBUG org.apache.http.wire -  >> "User-Agent: Apache-HttpClient/4.5.13 (Java/19.0.2)[\r][\n]"
21:57:29.507 [main] DEBUG org.apache.http.wire -  >> "Accept-Encoding: gzip,deflate[\r][\n]"
21:57:29.507 [main] DEBUG org.apache.http.wire -  >> "[\r][\n]"
21:57:29.507 [main] DEBUG org.apache.http.headers - >> POST /api/auth/register HTTP/1.1
21:57:29.507 [main] DEBUG org.apache.http.headers - >> Accept: */*
21:57:29.507 [main] DEBUG org.apache.http.headers - >> Content-Type: application/json
21:57:29.507 [main] DEBUG org.apache.http.headers - >> Content-Length: 60
21:57:29.507 [main] DEBUG org.apache.http.headers - >> Host: altashop-api.fly.dev
21:57:29.507 [main] DEBUG org.apache.http.headers - >> Connection: Keep-Alive
21:57:29.507 [main] DEBUG org.apache.http.headers - >> User-Agent: Apache-HttpClient/4.5.13 (Java/19.0.2)
21:57:29.507 [main] DEBUG org.apache.http.headers - >> Accept-Encoding: gzip,deflate
21:57:29.507 [main] DEBUG org.apache.http.wire -  >> "{"password":"gfabadbbgb","fullname":"","email":"gfabadbbgb"}"
21:57:34.195 [main] DEBUG org.apache.http.wire -  << "HTTP/1.1 400 Bad Request[\r][\n]"
21:57:34.195 [main] DEBUG org.apache.http.wire -  << "content-type: application/json[\r][\n]"
21:57:34.196 [main] DEBUG org.apache.http.wire -  << "date: Wed, 10 May 2023 14:57:28 GMT[\r][\n]"
21:57:34.196 [main] DEBUG org.apache.http.wire -  << "content-encoding: gzip[\r][\n]"
21:57:34.196 [main] DEBUG org.apache.http.wire -  << "transfer-encoding: chunked[\r][\n]"
21:57:34.196 [main] DEBUG org.apache.http.wire -  << "server: Fly/3f2597ca (2023-05-03)[\r][\n]"
21:57:34.196 [main] DEBUG org.apache.http.wire -  << "via: 1.1 fly.io[\r][\n]"
21:57:34.196 [main] DEBUG org.apache.http.wire -  << "fly-request-id: 01H032NKSCC45VFXT1H4B8SHXD-sin[\r][\n]"
21:57:34.196 [main] DEBUG org.apache.http.wire -  << "[\r][\n]"
21:57:34.196 [main] DEBUG org.apache.http.impl.conn.DefaultClientConnection - Receiving response: HTTP/1.1 400 Bad Request
21:57:34.196 [main] DEBUG org.apache.http.headers - << HTTP/1.1 400 Bad Request
21:57:34.196 [main] DEBUG org.apache.http.headers - << content-type: application/json
21:57:34.196 [main] DEBUG org.apache.http.headers - << date: Wed, 10 May 2023 14:57:28 GMT
21:57:34.197 [main] DEBUG org.apache.http.headers - << content-encoding: gzip
21:57:34.197 [main] DEBUG org.apache.http.headers - << transfer-encoding: chunked
21:57:34.197 [main] DEBUG org.apache.http.headers - << server: Fly/3f2597ca (2023-05-03)
21:57:34.197 [main] DEBUG org.apache.http.headers - << via: 1.1 fly.io
21:57:34.197 [main] DEBUG org.apache.http.headers - << fly-request-id: 01H032NKSCC45VFXT1H4B8SHXD-sin
21:57:34.198 [main] DEBUG org.apache.http.impl.client.DefaultHttpClient - Connection can be kept alive indefinitely
21:57:34.198 [main] DEBUG io.restassured.internal.RestAssuredHttpBuilder - Parsing response as: application/json
21:57:34.198 [main] DEBUG org.apache.http.wire -  << "35[\r][\n]"
21:57:34.198 [main] DEBUG org.apache.http.wire -  << "[0x1f][0x8b][0x8][0x0][0x0][0x0][0x0][0x0][0x4][0xff][0xab]VJ-*[0xca]/R[0xb2]RJ+[0xcd][0xc9][0xc9]K[0xcc]MU[0xc8],V(J-,[0xcd],JMQ[0xaa][0xe5][0x2][0x0]ok4[0xc9]![0x0][0x0][0x0]"
21:57:34.198 [main] DEBUG org.apache.http.wire -  << "[\r][\n]"
21:57:35.153 [main] DEBUG org.apache.http.wire -  << "0[\r][\n]"
21:57:35.153 [main] DEBUG org.apache.http.wire -  << "[\r][\n]"
21:57:35.154 [main] DEBUG io.restassured.internal.RestAssuredHttpBuilder - Parsed data to instance of: class org.apache.http.conn.EofSensorInputStream
21:57:35.156 [main] DEBUG org.apache.http.impl.conn.BasicClientConnectionManager - Releasing connection org.apache.http.impl.conn.ManagedClientConnectionImpl@65a4b9d6
21:57:35.157 [main] DEBUG org.apache.http.impl.conn.BasicClientConnectionManager - Connection can be kept alive indefinitely
21:57:35.158 [main] DEBUG net.thucydides.core.steps.StepInterceptor - STEP DONE: I send POST HTTP request register2
  &amp#27;[32mWhen &amp#27;[0m&amp#27;[32mI send POST HTTP request register2&amp#27;[0m              &amp#27;[90m# starter.stepdefinitions.RegisterSteps.sendPostHttpRequestRegister2()&amp#27;[0m
21:57:35.170 [main] DEBUG net.thucydides.core.steps.StepInterceptor - STARTING STEP: RegisterSteps.receiveValidHttp400Register - I receive valid HTTP response code 400 register
21:57:35.171 [main] DEBUG net.thucydides.core.steps.StepInterceptor - STEP DONE: I receive valid HTTP response code 400 register
  &amp#27;[32mThen &amp#27;[0m&amp#27;[32mI receive valid HTTP response code 400 register&amp#27;[0m &amp#27;[90m# starter.stepdefinitions.RegisterSteps.receiveValidHttp400Register()&amp#27;[0m
21:57:35.176 [main] INFO  - 
  _____   ___   ___   _____     ___     _     ___   ___   ___   ___  
 |_   _| | __| / __| |_   _|   | _ \   /_\   / __| / __| | __| |   \ 
   | |   | _|  \__ \   | |     |  _/  / _ \  \__ \ \__ \ | _|  | |) |
   |_|   |___| |___/   |_|     |_|   /_/ \_\ |___/ |___/ |___| |___/ 

POST - Register without fullname
----------------------------------------------------------------------
]]></system-out>
  </testcase>
  <testcase name="POST - Register without email" classname="Register" time="0.576">
    <system-out><![CDATA[
Scenario: POST - Register without email                &amp#27;[90m# src/test/resources/features/1. Register.feature:17&amp#27;[0m
21:57:35.195 [main] DEBUG io.cucumber.core.plugin.SerenityReporter - Running feature from file:///D:/download/API_Minpro%20(1)/APIMinpro/API/minpro/src/test/resources/features/1.%20Register.feature
21:57:35.204 [main] INFO  - 
  _____   ___   ___   _____     ___   _____     _     ___   _____   ___   ___  
 |_   _| | __| / __| |_   _|   / __| |_   _|   /_\   | _ \ |_   _| | __| |   \ 
   | |   | _|  \__ \   | |     \__ \   | |    / _ \  |   /   | |   | _|  | |) |
   |_|   |___| |___/   |_|     |___/   |_|   /_/ \_\ |_|_\   |_|   |___| |___/ 

POST - Register without email(register;post---register-without-email)
--------------------------------------------------------------------------------
21:57:35.233 [main] DEBUG net.thucydides.core.steps.StepInterceptor - STARTING STEP: RegisterSteps.setPostApiEndpointsRegister - I set POST api endpoints register
21:57:35.234 [main] DEBUG net.thucydides.core.steps.StepInterceptor - STEP DONE: I set POST api endpoints register
  &amp#27;[32mGiven &amp#27;[0m&amp#27;[32mI set POST api endpoints register&amp#27;[0m              &amp#27;[90m# starter.stepdefinitions.RegisterSteps.setPostApiEndpointsRegister()&amp#27;[0m
21:57:35.243 [main] DEBUG net.thucydides.core.steps.StepInterceptor - STARTING STEP: RegisterSteps.sendPostHttpRequestRegister3 - I send POST HTTP request register3
21:57:35.252 [main] DEBUG net.thucydides.core.steps.StepInterceptor - STARTING STEP: Register.sendPostHttpRequestRegister3 - I set POST api endpoints register
21:57:35.253 [main] DEBUG net.thucydides.core.steps.StepInterceptor - STEP DONE: I set POST api endpoints register
21:57:35.317 [main] DEBUG org.apache.http.impl.conn.BasicClientConnectionManager - Get connection for route {s}->https://altashop-api.fly.dev:443
21:57:35.317 [main] DEBUG org.apache.http.impl.conn.DefaultClientConnectionOperator - Connecting to altashop-api.fly.dev:443
21:57:35.655 [main] DEBUG org.apache.http.client.protocol.RequestAddCookies - CookieSpec selected: ignoreCookies
21:57:35.655 [main] DEBUG org.apache.http.client.protocol.RequestAuthCache - Auth cache not set in the context
21:57:35.655 [main] DEBUG org.apache.http.client.protocol.RequestTargetAuthentication - Target auth state: UNCHALLENGED
21:57:35.655 [main] DEBUG org.apache.http.client.protocol.RequestProxyAuthentication - Proxy auth state: UNCHALLENGED
21:57:35.655 [main] DEBUG org.apache.http.impl.client.DefaultHttpClient - Attempt 1 to execute request
21:57:35.655 [main] DEBUG org.apache.http.impl.conn.DefaultClientConnection - Sending request: POST /api/auth/register HTTP/1.1
21:57:35.655 [main] DEBUG org.apache.http.wire -  >> "POST /api/auth/register HTTP/1.1[\r][\n]"
21:57:35.655 [main] DEBUG org.apache.http.wire -  >> "Accept: */*[\r][\n]"
21:57:35.655 [main] DEBUG org.apache.http.wire -  >> "Content-Type: application/json[\r][\n]"
21:57:35.655 [main] DEBUG org.apache.http.wire -  >> "Content-Length: 60[\r][\n]"
21:57:35.656 [main] DEBUG org.apache.http.wire -  >> "Host: altashop-api.fly.dev[\r][\n]"
21:57:35.656 [main] DEBUG org.apache.http.wire -  >> "Connection: Keep-Alive[\r][\n]"
21:57:35.656 [main] DEBUG org.apache.http.wire -  >> "User-Agent: Apache-HttpClient/4.5.13 (Java/19.0.2)[\r][\n]"
21:57:35.656 [main] DEBUG org.apache.http.wire -  >> "Accept-Encoding: gzip,deflate[\r][\n]"
21:57:35.656 [main] DEBUG org.apache.http.wire -  >> "[\r][\n]"
21:57:35.656 [main] DEBUG org.apache.http.headers - >> POST /api/auth/register HTTP/1.1
21:57:35.656 [main] DEBUG org.apache.http.headers - >> Accept: */*
21:57:35.656 [main] DEBUG org.apache.http.headers - >> Content-Type: application/json
21:57:35.656 [main] DEBUG org.apache.http.headers - >> Content-Length: 60
21:57:35.656 [main] DEBUG org.apache.http.headers - >> Host: altashop-api.fly.dev
21:57:35.656 [main] DEBUG org.apache.http.headers - >> Connection: Keep-Alive
21:57:35.656 [main] DEBUG org.apache.http.headers - >> User-Agent: Apache-HttpClient/4.5.13 (Java/19.0.2)
21:57:35.656 [main] DEBUG org.apache.http.headers - >> Accept-Encoding: gzip,deflate
21:57:35.656 [main] DEBUG org.apache.http.wire -  >> "{"password":"cfhcacdafd","fullname":"cfhcacdafd","email":""}"
21:57:35.732 [main] DEBUG org.apache.http.wire -  << "HTTP/1.1 400 Bad Request[\r][\n]"
21:57:35.732 [main] DEBUG org.apache.http.wire -  << "content-type: application/json[\r][\n]"
21:57:35.732 [main] DEBUG org.apache.http.wire -  << "date: Wed, 10 May 2023 14:57:35 GMT[\r][\n]"
21:57:35.732 [main] DEBUG org.apache.http.wire -  << "content-encoding: gzip[\r][\n]"
21:57:35.733 [main] DEBUG org.apache.http.wire -  << "transfer-encoding: chunked[\r][\n]"
21:57:35.733 [main] DEBUG org.apache.http.wire -  << "server: Fly/3f2597ca (2023-05-03)[\r][\n]"
21:57:35.733 [main] DEBUG org.apache.http.wire -  << "via: 1.1 fly.io[\r][\n]"
21:57:35.733 [main] DEBUG org.apache.http.wire -  << "fly-request-id: 01H032NSRW6D090HKV93PGV77M-sin[\r][\n]"
21:57:35.733 [main] DEBUG org.apache.http.wire -  << "[\r][\n]"
21:57:35.733 [main] DEBUG org.apache.http.impl.conn.DefaultClientConnection - Receiving response: HTTP/1.1 400 Bad Request
21:57:35.733 [main] DEBUG org.apache.http.headers - << HTTP/1.1 400 Bad Request
21:57:35.733 [main] DEBUG org.apache.http.headers - << content-type: application/json
21:57:35.733 [main] DEBUG org.apache.http.headers - << date: Wed, 10 May 2023 14:57:35 GMT
21:57:35.733 [main] DEBUG org.apache.http.headers - << content-encoding: gzip
21:57:35.733 [main] DEBUG org.apache.http.headers - << transfer-encoding: chunked
21:57:35.733 [main] DEBUG org.apache.http.headers - << server: Fly/3f2597ca (2023-05-03)
21:57:35.733 [main] DEBUG org.apache.http.headers - << via: 1.1 fly.io
21:57:35.733 [main] DEBUG org.apache.http.headers - << fly-request-id: 01H032NSRW6D090HKV93PGV77M-sin
21:57:35.734 [main] DEBUG org.apache.http.impl.client.DefaultHttpClient - Connection can be kept alive indefinitely
21:57:35.734 [main] DEBUG io.restassured.internal.RestAssuredHttpBuilder - Parsing response as: application/json
21:57:35.734 [main] DEBUG org.apache.http.wire -  << "32[\r][\n]"
21:57:35.734 [main] DEBUG org.apache.http.wire -  << "[0x1f][0x8b][0x8][0x0][0x0][0x0][0x0][0x0][0x4][0xff][0xab]VJ-*[0xca]/R[0xb2]RJ[0xcd]M[0xcc][0xcc]Q[0xc8],V(J-,[0xcd],JMQ[0xaa][0xe5][0x2][0x0]&[0xe3][0xaa]j[0x1e][0x0][0x0][0x0]"
21:57:35.734 [main] DEBUG org.apache.http.wire -  << "[\r][\n]"
21:57:35.735 [main] DEBUG org.apache.http.wire -  << "0[\r][\n]"
21:57:35.735 [main] DEBUG org.apache.http.wire -  << "[\r][\n]"
21:57:35.735 [main] DEBUG io.restassured.internal.RestAssuredHttpBuilder - Parsed data to instance of: class org.apache.http.conn.EofSensorInputStream
21:57:35.737 [main] DEBUG org.apache.http.impl.conn.BasicClientConnectionManager - Releasing connection org.apache.http.impl.conn.ManagedClientConnectionImpl@4ae2c01b
21:57:35.738 [main] DEBUG org.apache.http.impl.conn.BasicClientConnectionManager - Connection can be kept alive indefinitely
21:57:35.739 [main] DEBUG net.thucydides.core.steps.StepInterceptor - STEP DONE: I send POST HTTP request register3
  &amp#27;[32mWhen &amp#27;[0m&amp#27;[32mI send POST HTTP request register3&amp#27;[0m              &amp#27;[90m# starter.stepdefinitions.RegisterSteps.sendPostHttpRequestRegister3()&amp#27;[0m
21:57:35.750 [main] DEBUG net.thucydides.core.steps.StepInterceptor - STARTING STEP: RegisterSteps.receiveValidHttp400Register - I receive valid HTTP response code 400 register
21:57:35.751 [main] DEBUG net.thucydides.core.steps.StepInterceptor - STEP DONE: I receive valid HTTP response code 400 register
  &amp#27;[32mThen &amp#27;[0m&amp#27;[32mI receive valid HTTP response code 400 register&amp#27;[0m &amp#27;[90m# starter.stepdefinitions.RegisterSteps.receiveValidHttp400Register()&amp#27;[0m
21:57:35.756 [main] INFO  - 
  _____   ___   ___   _____     ___     _     ___   ___   ___   ___  
 |_   _| | __| / __| |_   _|   | _ \   /_\   / __| / __| | __| |   \ 
   | |   | _|  \__ \   | |     |  _/  / _ \  \__ \ \__ \ | _|  | |) |
   |_|   |___| |___/   |_|     |_|   /_/ \_\ |___/ |___/ |___| |___/ 

POST - Register without email
----------------------------------------------------------------------
]]></system-out>
  </testcase>
  <testcase name="POST - Register without password" classname="Register" time="0.476">
    <system-out><![CDATA[
Scenario: POST - Register without password             &amp#27;[90m# src/test/resources/features/1. Register.feature:22&amp#27;[0m
21:57:35.784 [main] DEBUG io.cucumber.core.plugin.SerenityReporter - Running feature from file:///D:/download/API_Minpro%20(1)/APIMinpro/API/minpro/src/test/resources/features/1.%20Register.feature
21:57:35.788 [main] INFO  - 
  _____   ___   ___   _____     ___   _____     _     ___   _____   ___   ___  
 |_   _| | __| / __| |_   _|   / __| |_   _|   /_\   | _ \ |_   _| | __| |   \ 
   | |   | _|  \__ \   | |     \__ \   | |    / _ \  |   /   | |   | _|  | |) |
   |_|   |___| |___/   |_|     |___/   |_|   /_/ \_\ |_|_\   |_|   |___| |___/ 

POST - Register without password(register;post---register-without-password)
--------------------------------------------------------------------------------
21:57:35.839 [main] DEBUG net.thucydides.core.steps.StepInterceptor - STARTING STEP: RegisterSteps.setPostApiEndpointsRegister - I set POST api endpoints register
21:57:35.840 [main] DEBUG net.thucydides.core.steps.StepInterceptor - STEP DONE: I set POST api endpoints register
  &amp#27;[32mGiven &amp#27;[0m&amp#27;[32mI set POST api endpoints register&amp#27;[0m              &amp#27;[90m# starter.stepdefinitions.RegisterSteps.setPostApiEndpointsRegister()&amp#27;[0m
21:57:35.854 [main] DEBUG net.thucydides.core.steps.StepInterceptor - STARTING STEP: RegisterSteps.sendPostHttpRequest4 - I send POST HTTP request register4
21:57:35.867 [main] DEBUG net.thucydides.core.steps.StepInterceptor - STARTING STEP: Register.sendPostHttpRequestRegister4 - I set POST api endpoints register
21:57:35.868 [main] DEBUG net.thucydides.core.steps.StepInterceptor - STEP DONE: I set POST api endpoints register
21:57:35.946 [main] DEBUG org.apache.http.impl.conn.BasicClientConnectionManager - Get connection for route {s}->https://altashop-api.fly.dev:443
21:57:35.946 [main] DEBUG org.apache.http.impl.conn.DefaultClientConnectionOperator - Connecting to altashop-api.fly.dev:443
21:57:36.116 [main] DEBUG org.apache.http.client.protocol.RequestAddCookies - CookieSpec selected: ignoreCookies
21:57:36.117 [main] DEBUG org.apache.http.client.protocol.RequestAuthCache - Auth cache not set in the context
21:57:36.117 [main] DEBUG org.apache.http.client.protocol.RequestTargetAuthentication - Target auth state: UNCHALLENGED
21:57:36.117 [main] DEBUG org.apache.http.client.protocol.RequestProxyAuthentication - Proxy auth state: UNCHALLENGED
21:57:36.117 [main] DEBUG org.apache.http.impl.client.DefaultHttpClient - Attempt 1 to execute request
21:57:36.117 [main] DEBUG org.apache.http.impl.conn.DefaultClientConnection - Sending request: POST /api/auth/register HTTP/1.1
21:57:36.117 [main] DEBUG org.apache.http.wire -  >> "POST /api/auth/register HTTP/1.1[\r][\n]"
21:57:36.117 [main] DEBUG org.apache.http.wire -  >> "Accept: */*[\r][\n]"
21:57:36.117 [main] DEBUG org.apache.http.wire -  >> "Content-Type: application/json[\r][\n]"
21:57:36.117 [main] DEBUG org.apache.http.wire -  >> "Content-Length: 60[\r][\n]"
21:57:36.117 [main] DEBUG org.apache.http.wire -  >> "Host: altashop-api.fly.dev[\r][\n]"
21:57:36.117 [main] DEBUG org.apache.http.wire -  >> "Connection: Keep-Alive[\r][\n]"
21:57:36.117 [main] DEBUG org.apache.http.wire -  >> "User-Agent: Apache-HttpClient/4.5.13 (Java/19.0.2)[\r][\n]"
21:57:36.118 [main] DEBUG org.apache.http.wire -  >> "Accept-Encoding: gzip,deflate[\r][\n]"
21:57:36.118 [main] DEBUG org.apache.http.wire -  >> "[\r][\n]"
21:57:36.118 [main] DEBUG org.apache.http.headers - >> POST /api/auth/register HTTP/1.1
21:57:36.118 [main] DEBUG org.apache.http.headers - >> Accept: */*
21:57:36.118 [main] DEBUG org.apache.http.headers - >> Content-Type: application/json
21:57:36.118 [main] DEBUG org.apache.http.headers - >> Content-Length: 60
21:57:36.118 [main] DEBUG org.apache.http.headers - >> Host: altashop-api.fly.dev
21:57:36.118 [main] DEBUG org.apache.http.headers - >> Connection: Keep-Alive
21:57:36.118 [main] DEBUG org.apache.http.headers - >> User-Agent: Apache-HttpClient/4.5.13 (Java/19.0.2)
21:57:36.118 [main] DEBUG org.apache.http.headers - >> Accept-Encoding: gzip,deflate
21:57:36.118 [main] DEBUG org.apache.http.wire -  >> "{"password":"","fullname":"afadbdfhcc","email":"afadbdfhcc"}"
21:57:36.213 [main] DEBUG org.apache.http.wire -  << "HTTP/1.1 400 Bad Request[\r][\n]"
21:57:36.213 [main] DEBUG org.apache.http.wire -  << "content-type: application/json[\r][\n]"
21:57:36.213 [main] DEBUG org.apache.http.wire -  << "date: Wed, 10 May 2023 14:57:35 GMT[\r][\n]"
21:57:36.213 [main] DEBUG org.apache.http.wire -  << "content-encoding: gzip[\r][\n]"
21:57:36.213 [main] DEBUG org.apache.http.wire -  << "transfer-encoding: chunked[\r][\n]"
21:57:36.213 [main] DEBUG org.apache.http.wire -  << "server: Fly/3f2597ca (2023-05-03)[\r][\n]"
21:57:36.213 [main] DEBUG org.apache.http.wire -  << "via: 1.1 fly.io[\r][\n]"
21:57:36.214 [main] DEBUG org.apache.http.wire -  << "fly-request-id: 01H032NT826QDMTQFJRFY5YATY-sin[\r][\n]"
21:57:36.214 [main] DEBUG org.apache.http.wire -  << "[\r][\n]"
21:57:36.214 [main] DEBUG org.apache.http.impl.conn.DefaultClientConnection - Receiving response: HTTP/1.1 400 Bad Request
21:57:36.214 [main] DEBUG org.apache.http.headers - << HTTP/1.1 400 Bad Request
21:57:36.214 [main] DEBUG org.apache.http.headers - << content-type: application/json
21:57:36.214 [main] DEBUG org.apache.http.headers - << date: Wed, 10 May 2023 14:57:35 GMT
21:57:36.214 [main] DEBUG org.apache.http.headers - << content-encoding: gzip
21:57:36.214 [main] DEBUG org.apache.http.headers - << transfer-encoding: chunked
21:57:36.214 [main] DEBUG org.apache.http.headers - << server: Fly/3f2597ca (2023-05-03)
21:57:36.214 [main] DEBUG org.apache.http.headers - << via: 1.1 fly.io
21:57:36.214 [main] DEBUG org.apache.http.headers - << fly-request-id: 01H032NT826QDMTQFJRFY5YATY-sin
21:57:36.214 [main] DEBUG org.apache.http.impl.client.DefaultHttpClient - Connection can be kept alive indefinitely
21:57:36.214 [main] DEBUG io.restassured.internal.RestAssuredHttpBuilder - Parsing response as: application/json
21:57:36.214 [main] DEBUG org.apache.http.wire -  << "35[\r][\n]"
21:57:36.214 [main] DEBUG org.apache.http.wire -  << "[0x1f][0x8b][0x8][0x0][0x0][0x0][0x0][0x0][0x4][0xff][0xab]VJ-*[0xca]/R[0xb2]R*H,..[0xcf]/JQ[0xc8],V(J-,[0xcd],JMQ[0xaa][0xe5][0x2][0x0][0xb9][0x8f][0xe5][0xe0]![0x0][0x0][0x0]"
21:57:36.214 [main] DEBUG org.apache.http.wire -  << "[\r][\n]"
21:57:36.215 [main] DEBUG org.apache.http.wire -  << "0[\r][\n]"
21:57:36.215 [main] DEBUG org.apache.http.wire -  << "[\r][\n]"
21:57:36.215 [main] DEBUG io.restassured.internal.RestAssuredHttpBuilder - Parsed data to instance of: class org.apache.http.conn.EofSensorInputStream
21:57:36.218 [main] DEBUG org.apache.http.impl.conn.BasicClientConnectionManager - Releasing connection org.apache.http.impl.conn.ManagedClientConnectionImpl@2cebf82f
21:57:36.219 [main] DEBUG org.apache.http.impl.conn.BasicClientConnectionManager - Connection can be kept alive indefinitely
21:57:36.220 [main] DEBUG net.thucydides.core.steps.StepInterceptor - STEP DONE: I send POST HTTP request register4
  &amp#27;[32mWhen &amp#27;[0m&amp#27;[32mI send POST HTTP request register4&amp#27;[0m              &amp#27;[90m# starter.stepdefinitions.RegisterSteps.sendPostHttpRequest4()&amp#27;[0m
21:57:36.227 [main] DEBUG net.thucydides.core.steps.StepInterceptor - STARTING STEP: RegisterSteps.receiveValidHttp400Register - I receive valid HTTP response code 400 register
21:57:36.229 [main] DEBUG net.thucydides.core.steps.StepInterceptor - STEP DONE: I receive valid HTTP response code 400 register
  &amp#27;[32mThen &amp#27;[0m&amp#27;[32mI receive valid HTTP response code 400 register&amp#27;[0m &amp#27;[90m# starter.stepdefinitions.RegisterSteps.receiveValidHttp400Register()&amp#27;[0m
21:57:36.233 [main] INFO  - 
  _____   ___   ___   _____     ___     _     ___   ___   ___   ___  
 |_   _| | __| / __| |_   _|   | _ \   /_\   / __| / __| | __| |   \ 
   | |   | _|  \__ \   | |     |  _/  / _ \  \__ \ \__ \ | _|  | |) |
   |_|   |___| |___/   |_|     |_|   /_/ \_\ |___/ |___/ |___| |___/ 

POST - Register without password
----------------------------------------------------------------------
]]></system-out>
  </testcase>
  <testcase name="POST - Register with existed account" classname="Register" time="0.446">
    <system-out><![CDATA[
Scenario: POST - Register with existed account         &amp#27;[90m# src/test/resources/features/1. Register.feature:27&amp#27;[0m
21:57:36.248 [main] DEBUG io.cucumber.core.plugin.SerenityReporter - Running feature from file:///D:/download/API_Minpro%20(1)/APIMinpro/API/minpro/src/test/resources/features/1.%20Register.feature
21:57:36.253 [main] INFO  - 
  _____   ___   ___   _____     ___   _____     _     ___   _____   ___   ___  
 |_   _| | __| / __| |_   _|   / __| |_   _|   /_\   | _ \ |_   _| | __| |   \ 
   | |   | _|  \__ \   | |     \__ \   | |    / _ \  |   /   | |   | _|  | |) |
   |_|   |___| |___/   |_|     |___/   |_|   /_/ \_\ |_|_\   |_|   |___| |___/ 

POST - Register with existed account(register;post---register-with-existed-account)
--------------------------------------------------------------------------------
21:57:36.270 [main] DEBUG net.thucydides.core.steps.StepInterceptor - STARTING STEP: RegisterSteps.setPostApiEndpointsRegister - I set POST api endpoints register
21:57:36.271 [main] DEBUG net.thucydides.core.steps.StepInterceptor - STEP DONE: I set POST api endpoints register
  &amp#27;[32mGiven &amp#27;[0m&amp#27;[32mI set POST api endpoints register&amp#27;[0m              &amp#27;[90m# starter.stepdefinitions.RegisterSteps.setPostApiEndpointsRegister()&amp#27;[0m
21:57:36.278 [main] DEBUG net.thucydides.core.steps.StepInterceptor - STARTING STEP: RegisterSteps.sendPostHttpRequest5 - I send POST HTTP request register5
21:57:36.281 [main] DEBUG net.thucydides.core.steps.StepInterceptor - STARTING STEP: Register.sendPostHttpRequestRegister5 - I set POST api endpoints register
21:57:36.281 [main] DEBUG net.thucydides.core.steps.StepInterceptor - STEP DONE: I set POST api endpoints register
21:57:36.335 [main] DEBUG org.apache.http.impl.conn.BasicClientConnectionManager - Get connection for route {s}->https://altashop-api.fly.dev:443
21:57:36.335 [main] DEBUG org.apache.http.impl.conn.DefaultClientConnectionOperator - Connecting to altashop-api.fly.dev:443
21:57:36.565 [main] DEBUG org.apache.http.client.protocol.RequestAddCookies - CookieSpec selected: ignoreCookies
21:57:36.566 [main] DEBUG org.apache.http.client.protocol.RequestAuthCache - Auth cache not set in the context
21:57:36.566 [main] DEBUG org.apache.http.client.protocol.RequestTargetAuthentication - Target auth state: UNCHALLENGED
21:57:36.566 [main] DEBUG org.apache.http.client.protocol.RequestProxyAuthentication - Proxy auth state: UNCHALLENGED
21:57:36.566 [main] DEBUG org.apache.http.impl.client.DefaultHttpClient - Attempt 1 to execute request
21:57:36.566 [main] DEBUG org.apache.http.impl.conn.DefaultClientConnection - Sending request: POST /api/auth/register HTTP/1.1
21:57:36.566 [main] DEBUG org.apache.http.wire -  >> "POST /api/auth/register HTTP/1.1[\r][\n]"
21:57:36.566 [main] DEBUG org.apache.http.wire -  >> "Accept: */*[\r][\n]"
21:57:36.566 [main] DEBUG org.apache.http.wire -  >> "Content-Type: application/json[\r][\n]"
21:57:36.566 [main] DEBUG org.apache.http.wire -  >> "Content-Length: 78[\r][\n]"
21:57:36.566 [main] DEBUG org.apache.http.wire -  >> "Host: altashop-api.fly.dev[\r][\n]"
21:57:36.566 [main] DEBUG org.apache.http.wire -  >> "Connection: Keep-Alive[\r][\n]"
21:57:36.566 [main] DEBUG org.apache.http.wire -  >> "User-Agent: Apache-HttpClient/4.5.13 (Java/19.0.2)[\r][\n]"
21:57:36.567 [main] DEBUG org.apache.http.wire -  >> "Accept-Encoding: gzip,deflate[\r][\n]"
21:57:36.567 [main] DEBUG org.apache.http.wire -  >> "[\r][\n]"
21:57:36.567 [main] DEBUG org.apache.http.headers - >> POST /api/auth/register HTTP/1.1
21:57:36.567 [main] DEBUG org.apache.http.headers - >> Accept: */*
21:57:36.567 [main] DEBUG org.apache.http.headers - >> Content-Type: application/json
21:57:36.567 [main] DEBUG org.apache.http.headers - >> Content-Length: 78
21:57:36.567 [main] DEBUG org.apache.http.headers - >> Host: altashop-api.fly.dev
21:57:36.567 [main] DEBUG org.apache.http.headers - >> Connection: Keep-Alive
21:57:36.568 [main] DEBUG org.apache.http.headers - >> User-Agent: Apache-HttpClient/4.5.13 (Java/19.0.2)
21:57:36.568 [main] DEBUG org.apache.http.headers - >> Accept-Encoding: gzip,deflate
21:57:36.568 [main] DEBUG org.apache.http.wire -  >> "{"password":"1234567","fullname":"rinimaulidaaaa","email":"rinike4@gmail.com"}"
21:57:36.663 [main] DEBUG org.apache.http.wire -  << "HTTP/1.1 400 Bad Request[\r][\n]"
21:57:36.664 [main] DEBUG org.apache.http.wire -  << "content-type: application/json[\r][\n]"
21:57:36.664 [main] DEBUG org.apache.http.wire -  << "date: Wed, 10 May 2023 14:57:35 GMT[\r][\n]"
21:57:36.664 [main] DEBUG org.apache.http.wire -  << "content-encoding: gzip[\r][\n]"
21:57:36.664 [main] DEBUG org.apache.http.wire -  << "transfer-encoding: chunked[\r][\n]"
21:57:36.664 [main] DEBUG org.apache.http.wire -  << "server: Fly/3f2597ca (2023-05-03)[\r][\n]"
21:57:36.664 [main] DEBUG org.apache.http.wire -  << "via: 1.1 fly.io[\r][\n]"
21:57:36.664 [main] DEBUG org.apache.http.wire -  << "fly-request-id: 01H032NTNRC7V8P317RA93HDJ3-sin[\r][\n]"
21:57:36.664 [main] DEBUG org.apache.http.wire -  << "[\r][\n]"
21:57:36.664 [main] DEBUG org.apache.http.impl.conn.DefaultClientConnection - Receiving response: HTTP/1.1 400 Bad Request
21:57:36.664 [main] DEBUG org.apache.http.headers - << HTTP/1.1 400 Bad Request
21:57:36.664 [main] DEBUG org.apache.http.headers - << content-type: application/json
21:57:36.664 [main] DEBUG org.apache.http.headers - << date: Wed, 10 May 2023 14:57:35 GMT
21:57:36.664 [main] DEBUG org.apache.http.headers - << content-encoding: gzip
21:57:36.664 [main] DEBUG org.apache.http.headers - << transfer-encoding: chunked
21:57:36.664 [main] DEBUG org.apache.http.headers - << server: Fly/3f2597ca (2023-05-03)
21:57:36.664 [main] DEBUG org.apache.http.headers - << via: 1.1 fly.io
21:57:36.664 [main] DEBUG org.apache.http.headers - << fly-request-id: 01H032NTNRC7V8P317RA93HDJ3-sin
21:57:36.664 [main] DEBUG org.apache.http.impl.client.DefaultHttpClient - Connection can be kept alive indefinitely
21:57:36.665 [main] DEBUG io.restassured.internal.RestAssuredHttpBuilder - Parsing response as: application/json
21:57:36.665 [main] DEBUG org.apache.http.wire -  << "7B[\r][\n]"
21:57:36.665 [main] DEBUG org.apache.http.wire -  << "[0x1f][0x8b][0x8][0x0][0x0][0x0][0x0][0x0][0x4][0xff][0xab]VJ-*[0xca]/R[0xb2]Rr[\r][\n]"
21:57:36.665 [main] DEBUG org.apache.http.wire -  << "[0xf2][0xf][0xb2]RH)-[0xc8][0xc9]LN,IU[0xc8]N[0xad]T(K[0xcc])MU([0xcb][0xcc][0xcf]I,I-V([0xcd][0xcb],,MUH[0xce][0xcf]+.)J[0xcc][0xcc]+Q[0x88]Q*-N-*[0x8e]O[0xcd]M[0xcc][0xcc][0x89][0xcf]N[0xad][0x8c]QR[0xd0][0x8][0xe][0xf4][0x9][0xe]q[0xc]qU02650[0xd5]T[0xaa][0xe5][0x2][0x0][0x1a]G[0x13]pg[0x0][0x0][0x0]"
21:57:36.665 [main] DEBUG org.apache.http.wire -  << "[\r][\n]"
21:57:36.665 [main] DEBUG org.apache.http.wire -  << "0[\r][\n]"
21:57:36.665 [main] DEBUG org.apache.http.wire -  << "[\r][\n]"
21:57:36.665 [main] DEBUG io.restassured.internal.RestAssuredHttpBuilder - Parsed data to instance of: class org.apache.http.conn.EofSensorInputStream
21:57:36.668 [main] DEBUG org.apache.http.impl.conn.BasicClientConnectionManager - Releasing connection org.apache.http.impl.conn.ManagedClientConnectionImpl@7614378d
21:57:36.668 [main] DEBUG org.apache.http.impl.conn.BasicClientConnectionManager - Connection can be kept alive indefinitely
21:57:36.669 [main] DEBUG net.thucydides.core.steps.StepInterceptor - STEP DONE: I send POST HTTP request register5
  &amp#27;[32mWhen &amp#27;[0m&amp#27;[32mI send POST HTTP request register5&amp#27;[0m              &amp#27;[90m# starter.stepdefinitions.RegisterSteps.sendPostHttpRequest5()&amp#27;[0m
21:57:36.675 [main] DEBUG net.thucydides.core.steps.StepInterceptor - STARTING STEP: RegisterSteps.receiveValidHttp400Register - I receive valid HTTP response code 400 register
21:57:36.677 [main] DEBUG net.thucydides.core.steps.StepInterceptor - STEP DONE: I receive valid HTTP response code 400 register
  &amp#27;[32mThen &amp#27;[0m&amp#27;[32mI receive valid HTTP response code 400 register&amp#27;[0m &amp#27;[90m# starter.stepdefinitions.RegisterSteps.receiveValidHttp400Register()&amp#27;[0m
21:57:36.681 [main] INFO  - 
  _____   ___   ___   _____     ___     _     ___   ___   ___   ___  
 |_   _| | __| / __| |_   _|   | _ \   /_\   / __| / __| | __| |   \ 
   | |   | _|  \__ \   | |     |  _/  / _ \  \__ \ \__ \ | _|  | |) |
   |_|   |___| |___/   |_|     |_|   /_/ \_\ |___/ |___/ |___| |___/ 

POST - Register with existed account
----------------------------------------------------------------------
]]></system-out>
  </testcase>
  <testcase name="POST - Login with valid account" classname="Login" time="0.542">
    <system-out><![CDATA[21:57:36.684 [main] DEBUG io.cucumber.core.plugin.SerenityReporter - Running feature from file:///D:/download/API_Minpro%20(1)/APIMinpro/API/minpro/src/test/resources/features/2.%20Login.feature
21:57:36.689 [main] DEBUG net.thucydides.core.steps.StepEventBus - Test suite started for story net.thucydides.core.model.Story@86b1dd01
21:57:36.689 [main] INFO  - Test Suite Started: Login

Scenario: POST - Login with valid account           &amp#27;[90m# src/test/resources/features/2. Login.feature:7&amp#27;[0m
21:57:36.707 [main] DEBUG io.cucumber.core.plugin.SerenityReporter - Running feature from file:///D:/download/API_Minpro%20(1)/APIMinpro/API/minpro/src/test/resources/features/2.%20Login.feature
21:57:36.715 [main] INFO  - 
  _____   ___   ___   _____     ___   _____     _     ___   _____   ___   ___  
 |_   _| | __| / __| |_   _|   / __| |_   _|   /_\   | _ \ |_   _| | __| |   \ 
   | |   | _|  \__ \   | |     \__ \   | |    / _ \  |   /   | |   | _|  | |) |
   |_|   |___| |___/   |_|     |___/   |_|   /_/ \_\ |_|_\   |_|   |___| |___/ 

POST - Login with valid account(login;post---login-with-valid-account)
--------------------------------------------------------------------------------
21:57:36.766 [main] DEBUG net.thucydides.core.steps.StepInterceptor - STARTING STEP: LoginSteps.setPostApiEndpointsLogin - I set POST api endpoints login
21:57:36.767 [main] DEBUG net.thucydides.core.steps.StepInterceptor - STEP DONE: I set POST api endpoints login
  &amp#27;[32mGiven &amp#27;[0m&amp#27;[32mI set POST api endpoints login&amp#27;[0m              &amp#27;[90m# starter.stepdefinitions.LoginSteps.setPostApiEndpointsLogin()&amp#27;[0m
21:57:36.775 [main] DEBUG net.thucydides.core.steps.StepInterceptor - STARTING STEP: LoginSteps.sendPostHttpRequestLogin - I send POST HTTP request login
21:57:36.780 [main] DEBUG net.thucydides.core.steps.StepInterceptor - STARTING STEP: Login.sendPostHttpRequestLogin - I set POST api endpoints login
21:57:36.781 [main] DEBUG net.thucydides.core.steps.StepInterceptor - STEP DONE: I set POST api endpoints login
21:57:36.895 [main] DEBUG org.apache.http.impl.conn.BasicClientConnectionManager - Get connection for route {s}->https://altashop-api.fly.dev:443
21:57:36.898 [main] DEBUG org.apache.http.impl.conn.DefaultClientConnectionOperator - Connecting to altashop-api.fly.dev:443
21:57:37.083 [main] DEBUG org.apache.http.client.protocol.RequestAddCookies - CookieSpec selected: ignoreCookies
21:57:37.083 [main] DEBUG org.apache.http.client.protocol.RequestAuthCache - Auth cache not set in the context
21:57:37.083 [main] DEBUG org.apache.http.client.protocol.RequestTargetAuthentication - Target auth state: UNCHALLENGED
21:57:37.083 [main] DEBUG org.apache.http.client.protocol.RequestProxyAuthentication - Proxy auth state: UNCHALLENGED
21:57:37.083 [main] DEBUG org.apache.http.impl.client.DefaultHttpClient - Attempt 1 to execute request
21:57:37.083 [main] DEBUG org.apache.http.impl.conn.DefaultClientConnection - Sending request: POST /api/auth/login HTTP/1.1
21:57:37.083 [main] DEBUG org.apache.http.wire -  >> "POST /api/auth/login HTTP/1.1[\r][\n]"
21:57:37.083 [main] DEBUG org.apache.http.wire -  >> "Accept: */*[\r][\n]"
21:57:37.083 [main] DEBUG org.apache.http.wire -  >> "Content-Type: application/json[\r][\n]"
21:57:37.083 [main] DEBUG org.apache.http.wire -  >> "Content-Length: 50[\r][\n]"
21:57:37.084 [main] DEBUG org.apache.http.wire -  >> "Host: altashop-api.fly.dev[\r][\n]"
21:57:37.084 [main] DEBUG org.apache.http.wire -  >> "Connection: Keep-Alive[\r][\n]"
21:57:37.084 [main] DEBUG org.apache.http.wire -  >> "User-Agent: Apache-HttpClient/4.5.13 (Java/19.0.2)[\r][\n]"
21:57:37.084 [main] DEBUG org.apache.http.wire -  >> "Accept-Encoding: gzip,deflate[\r][\n]"
21:57:37.084 [main] DEBUG org.apache.http.wire -  >> "[\r][\n]"
21:57:37.084 [main] DEBUG org.apache.http.headers - >> POST /api/auth/login HTTP/1.1
21:57:37.084 [main] DEBUG org.apache.http.headers - >> Accept: */*
21:57:37.084 [main] DEBUG org.apache.http.headers - >> Content-Type: application/json
21:57:37.084 [main] DEBUG org.apache.http.headers - >> Content-Length: 50
21:57:37.084 [main] DEBUG org.apache.http.headers - >> Host: altashop-api.fly.dev
21:57:37.084 [main] DEBUG org.apache.http.headers - >> Connection: Keep-Alive
21:57:37.084 [main] DEBUG org.apache.http.headers - >> User-Agent: Apache-HttpClient/4.5.13 (Java/19.0.2)
21:57:37.084 [main] DEBUG org.apache.http.headers - >> Accept-Encoding: gzip,deflate
21:57:37.084 [main] DEBUG org.apache.http.wire -  >> "{"password":"1234567","email":"rinike4@gmail.com"}"
21:57:37.201 [main] DEBUG org.apache.http.wire -  << "HTTP/1.1 200 OK[\r][\n]"
21:57:37.202 [main] DEBUG org.apache.http.wire -  << "content-type: application/json[\r][\n]"
21:57:37.202 [main] DEBUG org.apache.http.wire -  << "date: Wed, 10 May 2023 14:57:36 GMT[\r][\n]"
21:57:37.202 [main] DEBUG org.apache.http.wire -  << "content-encoding: gzip[\r][\n]"
21:57:37.202 [main] DEBUG org.apache.http.wire -  << "transfer-encoding: chunked[\r][\n]"
21:57:37.202 [main] DEBUG org.apache.http.wire -  << "server: Fly/3f2597ca (2023-05-03)[\r][\n]"
21:57:37.202 [main] DEBUG org.apache.http.wire -  << "via: 1.1 fly.io[\r][\n]"
21:57:37.202 [main] DEBUG org.apache.http.wire -  << "fly-request-id: 01H032NV6TRQJGMB2MGQF2HSRS-sin[\r][\n]"
21:57:37.202 [main] DEBUG org.apache.http.wire -  << "[\r][\n]"
21:57:37.202 [main] DEBUG org.apache.http.impl.conn.DefaultClientConnection - Receiving response: HTTP/1.1 200 OK
21:57:37.203 [main] DEBUG org.apache.http.headers - << HTTP/1.1 200 OK
21:57:37.203 [main] DEBUG org.apache.http.headers - << content-type: application/json
21:57:37.203 [main] DEBUG org.apache.http.headers - << date: Wed, 10 May 2023 14:57:36 GMT
21:57:37.203 [main] DEBUG org.apache.http.headers - << content-encoding: gzip
21:57:37.203 [main] DEBUG org.apache.http.headers - << transfer-encoding: chunked
21:57:37.203 [main] DEBUG org.apache.http.headers - << server: Fly/3f2597ca (2023-05-03)
21:57:37.203 [main] DEBUG org.apache.http.headers - << via: 1.1 fly.io
21:57:37.203 [main] DEBUG org.apache.http.headers - << fly-request-id: 01H032NV6TRQJGMB2MGQF2HSRS-sin
21:57:37.203 [main] DEBUG org.apache.http.impl.client.DefaultHttpClient - Connection can be kept alive indefinitely
21:57:37.204 [main] DEBUG io.restassured.internal.RestAssuredHttpBuilder - Parsing response as: application/json
21:57:37.204 [main] DEBUG org.apache.http.wire -  << "BB[\r][\n]"
21:57:37.204 [main] DEBUG org.apache.http.wire -  << "[0x1f][0x8b][0x8][0x0][0x0][0x0][0x0][0x0][0x4][0xff][0xab]VJI,IT[0xb2]RJ[0xad][0xf4][0xca]HrO[0xce][0xf4][0xcf][0xf4][0xf2][0xc][0xad][0xf2]4[0xf4][0xcb][0xf4],[0xf6][0xcc][0xb]2Mv[0xf6]4[0xf3][0xcc].[0x88][0x8]s[0xf6][0xb2][0xd4]K[0xad][0xf4]rO[0x9][0xaf](N[0xca]u+[0x89][\n]"
21:57:37.204 [main] DEBUG org.apache.http.wire -  << "[0xf6]4[0xf3][0xcc][0xf3]*H[0xca][0xcd])[0x89][0x8c][0x8]+N[0xc][0xf][0xca][0x88][0xc]w[0xcb][0xf0][0xcc],[0xcf][0xc][\n]"
21:57:37.205 [main] DEBUG org.apache.http.wire -  << "7[0xcc]H[0xc]/[0x7][0x19]V[0x99][0x18]nZ[0x90]h[0x14]j[0x10][0xe8][0x9e]R[0x12][0x19][0x9e]S[0xec][0x93][0xeb]W[0x96][0x14][0xec]e[0xa9][0x17][0x15][0x10][0x9c]fi[0x92]S[0x19]e[0xe8]h[0xe4][0xe2][0xe1]db[0xe8]V[0x16][0x1f][0xe6][0x1f][0xe9][0x13][0x18]fXej[0x9c]h[0x10][0xef][0x18]o[0xee][0xe7][0xe5]YP[0x14][0x9c][0xae]T[0xcb][0x5][0x0]G[0x2]-j[0xa9][0x0][0x0][0x0]"
21:57:37.205 [main] DEBUG org.apache.http.wire -  << "[\r][\n]"
21:57:37.206 [main] DEBUG org.apache.http.wire -  << "0[\r][\n]"
21:57:37.207 [main] DEBUG org.apache.http.wire -  << "[\r][\n]"
21:57:37.207 [main] DEBUG io.restassured.internal.RestAssuredHttpBuilder - Parsed data to instance of: class org.apache.http.conn.EofSensorInputStream
21:57:37.211 [main] DEBUG org.apache.http.impl.conn.BasicClientConnectionManager - Releasing connection org.apache.http.impl.conn.ManagedClientConnectionImpl@74f89bad
21:57:37.211 [main] DEBUG org.apache.http.impl.conn.BasicClientConnectionManager - Connection can be kept alive indefinitely
21:57:37.213 [main] DEBUG net.thucydides.core.steps.StepInterceptor - STEP DONE: I send POST HTTP request login
  &amp#27;[32mWhen &amp#27;[0m&amp#27;[32mI send POST HTTP request login&amp#27;[0m               &amp#27;[90m# starter.stepdefinitions.LoginSteps.sendPostHttpRequestLogin()&amp#27;[0m
21:57:37.224 [main] DEBUG net.thucydides.core.steps.StepInterceptor - STARTING STEP: LoginSteps.receiveValidHttp200Login - I receive valid HTTP response code 200 login
21:57:37.226 [main] DEBUG net.thucydides.core.steps.StepInterceptor - STEP DONE: I receive valid HTTP response code 200 login
  &amp#27;[32mThen &amp#27;[0m&amp#27;[32mI receive valid HTTP response code 200 login&amp#27;[0m &amp#27;[90m# starter.stepdefinitions.LoginSteps.receiveValidHttp200Login()&amp#27;[0m
21:57:37.230 [main] INFO  - 
  _____   ___   ___   _____     ___     _     ___   ___   ___   ___  
 |_   _| | __| / __| |_   _|   | _ \   /_\   / __| / __| | __| |   \ 
   | |   | _|  \__ \   | |     |  _/  / _ \  \__ \ \__ \ | _|  | |) |
   |_|   |___| |___/   |_|     |_|   /_/ \_\ |___/ |___/ |___| |___/ 

POST - Login with valid account
----------------------------------------------------------------------
]]></system-out>
  </testcase>
  <testcase name="POST - Login with empty email" classname="Login" time="0.542">
    <system-out><![CDATA[
Scenario: POST - Login with empty email             &amp#27;[90m# src/test/resources/features/2. Login.feature:12&amp#27;[0m
21:57:37.249 [main] DEBUG io.cucumber.core.plugin.SerenityReporter - Running feature from file:///D:/download/API_Minpro%20(1)/APIMinpro/API/minpro/src/test/resources/features/2.%20Login.feature
21:57:37.253 [main] INFO  - 
  _____   ___   ___   _____     ___   _____     _     ___   _____   ___   ___  
 |_   _| | __| / __| |_   _|   / __| |_   _|   /_\   | _ \ |_   _| | __| |   \ 
   | |   | _|  \__ \   | |     \__ \   | |    / _ \  |   /   | |   | _|  | |) |
   |_|   |___| |___/   |_|     |___/   |_|   /_/ \_\ |_|_\   |_|   |___| |___/ 

POST - Login with empty email(login;post---login-with-empty-email)
--------------------------------------------------------------------------------
21:57:37.291 [main] DEBUG net.thucydides.core.steps.StepInterceptor - STARTING STEP: LoginSteps.setPostApiEndpointsLogin - I set POST api endpoints login
21:57:37.291 [main] DEBUG net.thucydides.core.steps.StepInterceptor - STEP DONE: I set POST api endpoints login
  &amp#27;[32mGiven &amp#27;[0m&amp#27;[32mI set POST api endpoints login&amp#27;[0m              &amp#27;[90m# starter.stepdefinitions.LoginSteps.setPostApiEndpointsLogin()&amp#27;[0m
21:57:37.303 [main] DEBUG net.thucydides.core.steps.StepInterceptor - STARTING STEP: LoginSteps.sendPostHttpRequestLogin2 - I send POST HTTP request login2
21:57:37.306 [main] DEBUG net.thucydides.core.steps.StepInterceptor - STARTING STEP: Login.sendPostHttpRequestLogin2 - I set POST api endpoints login
21:57:37.307 [main] DEBUG net.thucydides.core.steps.StepInterceptor - STEP DONE: I set POST api endpoints login
21:57:37.368 [main] DEBUG org.apache.http.impl.conn.BasicClientConnectionManager - Get connection for route {s}->https://altashop-api.fly.dev:443
21:57:37.369 [main] DEBUG org.apache.http.impl.conn.DefaultClientConnectionOperator - Connecting to altashop-api.fly.dev:443
21:57:37.596 [main] DEBUG org.apache.http.client.protocol.RequestAddCookies - CookieSpec selected: ignoreCookies
21:57:37.596 [main] DEBUG org.apache.http.client.protocol.RequestAuthCache - Auth cache not set in the context
21:57:37.596 [main] DEBUG org.apache.http.client.protocol.RequestTargetAuthentication - Target auth state: UNCHALLENGED
21:57:37.596 [main] DEBUG org.apache.http.client.protocol.RequestProxyAuthentication - Proxy auth state: UNCHALLENGED
21:57:37.596 [main] DEBUG org.apache.http.impl.client.DefaultHttpClient - Attempt 1 to execute request
21:57:37.596 [main] DEBUG org.apache.http.impl.conn.DefaultClientConnection - Sending request: POST /api/auth/login HTTP/1.1
21:57:37.597 [main] DEBUG org.apache.http.wire -  >> "POST /api/auth/login HTTP/1.1[\r][\n]"
21:57:37.597 [main] DEBUG org.apache.http.wire -  >> "Accept: */*[\r][\n]"
21:57:37.597 [main] DEBUG org.apache.http.wire -  >> "Content-Type: application/json[\r][\n]"
21:57:37.597 [main] DEBUG org.apache.http.wire -  >> "Content-Length: 34[\r][\n]"
21:57:37.597 [main] DEBUG org.apache.http.wire -  >> "Host: altashop-api.fly.dev[\r][\n]"
21:57:37.597 [main] DEBUG org.apache.http.wire -  >> "Connection: Keep-Alive[\r][\n]"
21:57:37.597 [main] DEBUG org.apache.http.wire -  >> "User-Agent: Apache-HttpClient/4.5.13 (Java/19.0.2)[\r][\n]"
21:57:37.597 [main] DEBUG org.apache.http.wire -  >> "Accept-Encoding: gzip,deflate[\r][\n]"
21:57:37.597 [main] DEBUG org.apache.http.wire -  >> "[\r][\n]"
21:57:37.597 [main] DEBUG org.apache.http.headers - >> POST /api/auth/login HTTP/1.1
21:57:37.597 [main] DEBUG org.apache.http.headers - >> Accept: */*
21:57:37.597 [main] DEBUG org.apache.http.headers - >> Content-Type: application/json
21:57:37.597 [main] DEBUG org.apache.http.headers - >> Content-Length: 34
21:57:37.597 [main] DEBUG org.apache.http.headers - >> Host: altashop-api.fly.dev
21:57:37.597 [main] DEBUG org.apache.http.headers - >> Connection: Keep-Alive
21:57:37.597 [main] DEBUG org.apache.http.headers - >> User-Agent: Apache-HttpClient/4.5.13 (Java/19.0.2)
21:57:37.597 [main] DEBUG org.apache.http.headers - >> Accept-Encoding: gzip,deflate
21:57:37.597 [main] DEBUG org.apache.http.wire -  >> "{"password":"1234567","email":" "}"
21:57:37.757 [main] DEBUG org.apache.http.wire -  << "HTTP/1.1 400 Bad Request[\r][\n]"
21:57:37.757 [main] DEBUG org.apache.http.wire -  << "content-type: application/json[\r][\n]"
21:57:37.758 [main] DEBUG org.apache.http.wire -  << "date: Wed, 10 May 2023 14:57:37 GMT[\r][\n]"
21:57:37.758 [main] DEBUG org.apache.http.wire -  << "content-encoding: gzip[\r][\n]"
21:57:37.758 [main] DEBUG org.apache.http.wire -  << "transfer-encoding: chunked[\r][\n]"
21:57:37.758 [main] DEBUG org.apache.http.wire -  << "server: Fly/3f2597ca (2023-05-03)[\r][\n]"
21:57:37.758 [main] DEBUG org.apache.http.wire -  << "via: 1.1 fly.io[\r][\n]"
21:57:37.758 [main] DEBUG org.apache.http.wire -  << "fly-request-id: 01H032NVR8MMSZ3T6S6RSZZYG0-sin[\r][\n]"
21:57:37.758 [main] DEBUG org.apache.http.wire -  << "[\r][\n]"
21:57:37.758 [main] DEBUG org.apache.http.impl.conn.DefaultClientConnection - Receiving response: HTTP/1.1 400 Bad Request
21:57:37.758 [main] DEBUG org.apache.http.headers - << HTTP/1.1 400 Bad Request
21:57:37.758 [main] DEBUG org.apache.http.headers - << content-type: application/json
21:57:37.758 [main] DEBUG org.apache.http.headers - << date: Wed, 10 May 2023 14:57:37 GMT
21:57:37.758 [main] DEBUG org.apache.http.headers - << content-encoding: gzip
21:57:37.758 [main] DEBUG org.apache.http.headers - << transfer-encoding: chunked
21:57:37.758 [main] DEBUG org.apache.http.headers - << server: Fly/3f2597ca (2023-05-03)
21:57:37.758 [main] DEBUG org.apache.http.headers - << via: 1.1 fly.io
21:57:37.758 [main] DEBUG org.apache.http.headers - << fly-request-id: 01H032NVR8MMSZ3T6S6RSZZYG0-sin
21:57:37.758 [main] DEBUG org.apache.http.impl.client.DefaultHttpClient - Connection can be kept alive indefinitely
21:57:37.759 [main] DEBUG io.restassured.internal.RestAssuredHttpBuilder - Parsing response as: application/json
21:57:37.759 [main] DEBUG org.apache.http.wire -  << "3D[\r][\n]"
21:57:37.759 [main] DEBUG org.apache.http.wire -  << "[0x1f][0x8b][0x8][0x0][0x0][0x0][0x0][0x0][0x4][0xff][0xab]VJ-*[0xca]/R[0xb2]RJ[0xcd]M[0xcc][0xcc]Q[0xc8]/R(H,..[0xcf]/JQ[0xc8],V[0xc8][0xcc]+K[0xcc][0xc9]LQ[0xaa][0xe5][0x2][0x0][0xc0][0xad][0xff][0xb])[0x0][0x0][0x0]"
21:57:37.759 [main] DEBUG org.apache.http.wire -  << "[\r][\n]"
21:57:37.759 [main] DEBUG org.apache.http.wire -  << "0[\r][\n]"
21:57:37.759 [main] DEBUG org.apache.http.wire -  << "[\r][\n]"
21:57:37.759 [main] DEBUG io.restassured.internal.RestAssuredHttpBuilder - Parsed data to instance of: class org.apache.http.conn.EofSensorInputStream
21:57:37.762 [main] DEBUG org.apache.http.impl.conn.BasicClientConnectionManager - Releasing connection org.apache.http.impl.conn.ManagedClientConnectionImpl@33a3e5db
21:57:37.762 [main] DEBUG org.apache.http.impl.conn.BasicClientConnectionManager - Connection can be kept alive indefinitely
21:57:37.763 [main] DEBUG net.thucydides.core.steps.StepInterceptor - STEP DONE: I send POST HTTP request login2
  &amp#27;[32mWhen &amp#27;[0m&amp#27;[32mI send POST HTTP request login2&amp#27;[0m              &amp#27;[90m# starter.stepdefinitions.LoginSteps.sendPostHttpRequestLogin2()&amp#27;[0m
21:57:37.769 [main] DEBUG net.thucydides.core.steps.StepInterceptor - STARTING STEP: LoginSteps.receiveValidHttp400Login - I receive valid HTTP response code 400 login
21:57:37.770 [main] DEBUG net.thucydides.core.steps.StepInterceptor - STEP DONE: I receive valid HTTP response code 400 login
  &amp#27;[32mThen &amp#27;[0m&amp#27;[32mI receive valid HTTP response code 400 login&amp#27;[0m &amp#27;[90m# starter.stepdefinitions.LoginSteps.receiveValidHttp400Login()&amp#27;[0m
21:57:37.774 [main] INFO  - 
  _____   ___   ___   _____     ___     _     ___   ___   ___   ___  
 |_   _| | __| / __| |_   _|   | _ \   /_\   / __| / __| | __| |   \ 
   | |   | _|  \__ \   | |     |  _/  / _ \  \__ \ \__ \ | _|  | |) |
   |_|   |___| |___/   |_|     |_|   /_/ \_\ |___/ |___/ |___| |___/ 

POST - Login with empty email
----------------------------------------------------------------------
]]></system-out>
  </testcase>
  <testcase name="POST - Login with empty password" classname="Login" time="0.555">
    <system-out><![CDATA[
Scenario: POST - Login with empty password          &amp#27;[90m# src/test/resources/features/2. Login.feature:17&amp#27;[0m
21:57:37.786 [main] DEBUG io.cucumber.core.plugin.SerenityReporter - Running feature from file:///D:/download/API_Minpro%20(1)/APIMinpro/API/minpro/src/test/resources/features/2.%20Login.feature
21:57:37.790 [main] INFO  - 
  _____   ___   ___   _____     ___   _____     _     ___   _____   ___   ___  
 |_   _| | __| / __| |_   _|   / __| |_   _|   /_\   | _ \ |_   _| | __| |   \ 
   | |   | _|  \__ \   | |     \__ \   | |    / _ \  |   /   | |   | _|  | |) |
   |_|   |___| |___/   |_|     |___/   |_|   /_/ \_\ |_|_\   |_|   |___| |___/ 

POST - Login with empty password(login;post---login-with-empty-password)
--------------------------------------------------------------------------------
21:57:37.821 [main] DEBUG net.thucydides.core.steps.StepInterceptor - STARTING STEP: LoginSteps.setPostApiEndpointsLogin - I set POST api endpoints login
21:57:37.822 [main] DEBUG net.thucydides.core.steps.StepInterceptor - STEP DONE: I set POST api endpoints login
  &amp#27;[32mGiven &amp#27;[0m&amp#27;[32mI set POST api endpoints login&amp#27;[0m              &amp#27;[90m# starter.stepdefinitions.LoginSteps.setPostApiEndpointsLogin()&amp#27;[0m
21:57:37.836 [main] DEBUG net.thucydides.core.steps.StepInterceptor - STARTING STEP: LoginSteps.sendPostHttpRequestLogin3 - I send POST HTTP request login3
21:57:37.840 [main] DEBUG net.thucydides.core.steps.StepInterceptor - STARTING STEP: Login.sendPostHttpRequestLogin3 - I set POST api endpoints login
21:57:37.842 [main] DEBUG net.thucydides.core.steps.StepInterceptor - STEP DONE: I set POST api endpoints login
21:57:37.964 [main] DEBUG org.apache.http.impl.conn.BasicClientConnectionManager - Get connection for route {s}->https://altashop-api.fly.dev:443
21:57:37.964 [main] DEBUG org.apache.http.impl.conn.DefaultClientConnectionOperator - Connecting to altashop-api.fly.dev:443
21:57:38.212 [main] DEBUG org.apache.http.client.protocol.RequestAddCookies - CookieSpec selected: ignoreCookies
21:57:38.213 [main] DEBUG org.apache.http.client.protocol.RequestAuthCache - Auth cache not set in the context
21:57:38.213 [main] DEBUG org.apache.http.client.protocol.RequestTargetAuthentication - Target auth state: UNCHALLENGED
21:57:38.213 [main] DEBUG org.apache.http.client.protocol.RequestProxyAuthentication - Proxy auth state: UNCHALLENGED
21:57:38.213 [main] DEBUG org.apache.http.impl.client.DefaultHttpClient - Attempt 1 to execute request
21:57:38.213 [main] DEBUG org.apache.http.impl.conn.DefaultClientConnection - Sending request: POST /api/auth/login HTTP/1.1
21:57:38.213 [main] DEBUG org.apache.http.wire -  >> "POST /api/auth/login HTTP/1.1[\r][\n]"
21:57:38.213 [main] DEBUG org.apache.http.wire -  >> "Accept: */*[\r][\n]"
21:57:38.213 [main] DEBUG org.apache.http.wire -  >> "Content-Type: application/json[\r][\n]"
21:57:38.213 [main] DEBUG org.apache.http.wire -  >> "Content-Length: 43[\r][\n]"
21:57:38.213 [main] DEBUG org.apache.http.wire -  >> "Host: altashop-api.fly.dev[\r][\n]"
21:57:38.213 [main] DEBUG org.apache.http.wire -  >> "Connection: Keep-Alive[\r][\n]"
21:57:38.213 [main] DEBUG org.apache.http.wire -  >> "User-Agent: Apache-HttpClient/4.5.13 (Java/19.0.2)[\r][\n]"
21:57:38.213 [main] DEBUG org.apache.http.wire -  >> "Accept-Encoding: gzip,deflate[\r][\n]"
21:57:38.213 [main] DEBUG org.apache.http.wire -  >> "[\r][\n]"
21:57:38.213 [main] DEBUG org.apache.http.headers - >> POST /api/auth/login HTTP/1.1
21:57:38.213 [main] DEBUG org.apache.http.headers - >> Accept: */*
21:57:38.213 [main] DEBUG org.apache.http.headers - >> Content-Type: application/json
21:57:38.213 [main] DEBUG org.apache.http.headers - >> Content-Length: 43
21:57:38.213 [main] DEBUG org.apache.http.headers - >> Host: altashop-api.fly.dev
21:57:38.213 [main] DEBUG org.apache.http.headers - >> Connection: Keep-Alive
21:57:38.213 [main] DEBUG org.apache.http.headers - >> User-Agent: Apache-HttpClient/4.5.13 (Java/19.0.2)
21:57:38.213 [main] DEBUG org.apache.http.headers - >> Accept-Encoding: gzip,deflate
21:57:38.214 [main] DEBUG org.apache.http.wire -  >> "{"password":" ","email":"someone@mail.com"}"
21:57:38.316 [main] DEBUG org.apache.http.wire -  << "HTTP/1.1 400 Bad Request[\r][\n]"
21:57:38.317 [main] DEBUG org.apache.http.wire -  << "content-type: application/json[\r][\n]"
21:57:38.317 [main] DEBUG org.apache.http.wire -  << "date: Wed, 10 May 2023 14:57:37 GMT[\r][\n]"
21:57:38.317 [main] DEBUG org.apache.http.wire -  << "content-encoding: gzip[\r][\n]"
21:57:38.317 [main] DEBUG org.apache.http.wire -  << "transfer-encoding: chunked[\r][\n]"
21:57:38.317 [main] DEBUG org.apache.http.wire -  << "server: Fly/3f2597ca (2023-05-03)[\r][\n]"
21:57:38.317 [main] DEBUG org.apache.http.wire -  << "via: 1.1 fly.io[\r][\n]"
21:57:38.317 [main] DEBUG org.apache.http.wire -  << "fly-request-id: 01H032NW9WGH8JC39BS90K4JCX-sin[\r][\n]"
21:57:38.317 [main] DEBUG org.apache.http.wire -  << "[\r][\n]"
21:57:38.317 [main] DEBUG org.apache.http.impl.conn.DefaultClientConnection - Receiving response: HTTP/1.1 400 Bad Request
21:57:38.317 [main] DEBUG org.apache.http.headers - << HTTP/1.1 400 Bad Request
21:57:38.317 [main] DEBUG org.apache.http.headers - << content-type: application/json
21:57:38.317 [main] DEBUG org.apache.http.headers - << date: Wed, 10 May 2023 14:57:37 GMT
21:57:38.317 [main] DEBUG org.apache.http.headers - << content-encoding: gzip
21:57:38.317 [main] DEBUG org.apache.http.headers - << transfer-encoding: chunked
21:57:38.317 [main] DEBUG org.apache.http.headers - << server: Fly/3f2597ca (2023-05-03)
21:57:38.317 [main] DEBUG org.apache.http.headers - << via: 1.1 fly.io
21:57:38.317 [main] DEBUG org.apache.http.headers - << fly-request-id: 01H032NW9WGH8JC39BS90K4JCX-sin
21:57:38.317 [main] DEBUG org.apache.http.impl.client.DefaultHttpClient - Connection can be kept alive indefinitely
21:57:38.318 [main] DEBUG io.restassured.internal.RestAssuredHttpBuilder - Parsing response as: application/json
21:57:38.318 [main] DEBUG org.apache.http.wire -  << "3D[\r][\n]"
21:57:38.318 [main] DEBUG org.apache.http.wire -  << "[0x1f][0x8b][0x8][0x0][0x0][0x0][0x0][0x0][0x4][0xff][0xab]VJ-*[0xca]/R[0xb2]RJ[0xcd]M[0xcc][0xcc]Q[0xc8]/R(H,..[0xcf]/JQ[0xc8],V[0xc8][0xcc]+K[0xcc][0xc9]LQ[0xaa][0xe5][0x2][0x0][0xc0][0xad][0xff][0xb])[0x0][0x0][0x0]"
21:57:38.318 [main] DEBUG org.apache.http.wire -  << "[\r][\n]"
21:57:38.318 [main] DEBUG org.apache.http.wire -  << "0[\r][\n]"
21:57:38.318 [main] DEBUG org.apache.http.wire -  << "[\r][\n]"
21:57:38.318 [main] DEBUG io.restassured.internal.RestAssuredHttpBuilder - Parsed data to instance of: class org.apache.http.conn.EofSensorInputStream
21:57:38.320 [main] DEBUG org.apache.http.impl.conn.BasicClientConnectionManager - Releasing connection org.apache.http.impl.conn.ManagedClientConnectionImpl@3c116f26
21:57:38.320 [main] DEBUG org.apache.http.impl.conn.BasicClientConnectionManager - Connection can be kept alive indefinitely
21:57:38.320 [main] DEBUG net.thucydides.core.steps.StepInterceptor - STEP DONE: I send POST HTTP request login3
  &amp#27;[32mWhen &amp#27;[0m&amp#27;[32mI send POST HTTP request login3&amp#27;[0m              &amp#27;[90m# starter.stepdefinitions.LoginSteps.sendPostHttpRequestLogin3()&amp#27;[0m
21:57:38.326 [main] DEBUG net.thucydides.core.steps.StepInterceptor - STARTING STEP: LoginSteps.receiveValidHttp400Login - I receive valid HTTP response code 400 login
21:57:38.327 [main] DEBUG net.thucydides.core.steps.StepInterceptor - STEP DONE: I receive valid HTTP response code 400 login
  &amp#27;[32mThen &amp#27;[0m&amp#27;[32mI receive valid HTTP response code 400 login&amp#27;[0m &amp#27;[90m# starter.stepdefinitions.LoginSteps.receiveValidHttp400Login()&amp#27;[0m
21:57:38.330 [main] INFO  - 
  _____   ___   ___   _____     ___     _     ___   ___   ___   ___  
 |_   _| | __| / __| |_   _|   | _ \   /_\   / __| / __| | __| |   \ 
   | |   | _|  \__ \   | |     |  _/  / _ \  \__ \ \__ \ | _|  | |) |
   |_|   |___| |___/   |_|     |_|   /_/ \_\ |___/ |___/ |___| |___/ 

POST - Login with empty password
----------------------------------------------------------------------
]]></system-out>
  </testcase>
  <testcase name="POST - Login without payload" classname="Login" time="0.683">
    <system-out><![CDATA[
Scenario: POST - Login without payload              &amp#27;[90m# src/test/resources/features/2. Login.feature:22&amp#27;[0m
21:57:38.340 [main] DEBUG io.cucumber.core.plugin.SerenityReporter - Running feature from file:///D:/download/API_Minpro%20(1)/APIMinpro/API/minpro/src/test/resources/features/2.%20Login.feature
21:57:38.344 [main] INFO  - 
  _____   ___   ___   _____     ___   _____     _     ___   _____   ___   ___  
 |_   _| | __| / __| |_   _|   / __| |_   _|   /_\   | _ \ |_   _| | __| |   \ 
   | |   | _|  \__ \   | |     \__ \   | |    / _ \  |   /   | |   | _|  | |) |
   |_|   |___| |___/   |_|     |___/   |_|   /_/ \_\ |_|_\   |_|   |___| |___/ 

POST - Login without payload(login;post---login-without-payload)
--------------------------------------------------------------------------------
21:57:38.364 [main] DEBUG net.thucydides.core.steps.StepInterceptor - STARTING STEP: LoginSteps.setPostApiEndpointsLogin - I set POST api endpoints login
21:57:38.364 [main] DEBUG net.thucydides.core.steps.StepInterceptor - STEP DONE: I set POST api endpoints login
  &amp#27;[32mGiven &amp#27;[0m&amp#27;[32mI set POST api endpoints login&amp#27;[0m              &amp#27;[90m# starter.stepdefinitions.LoginSteps.setPostApiEndpointsLogin()&amp#27;[0m
21:57:38.371 [main] DEBUG net.thucydides.core.steps.StepInterceptor - STARTING STEP: LoginSteps.sendPostHttpRequestLogin4 - I send POST HTTP request login4
21:57:38.376 [main] DEBUG net.thucydides.core.steps.StepInterceptor - STARTING STEP: Login.sendPostHttpRequestLogin4 - I set POST api endpoints login
21:57:38.377 [main] DEBUG net.thucydides.core.steps.StepInterceptor - STEP DONE: I set POST api endpoints login
21:57:38.458 [main] DEBUG org.apache.http.impl.conn.BasicClientConnectionManager - Get connection for route {s}->https://altashop-api.fly.dev:443
21:57:38.458 [main] DEBUG org.apache.http.impl.conn.DefaultClientConnectionOperator - Connecting to altashop-api.fly.dev:443
21:57:38.715 [main] DEBUG org.apache.http.client.protocol.RequestAddCookies - CookieSpec selected: ignoreCookies
21:57:38.715 [main] DEBUG org.apache.http.client.protocol.RequestAuthCache - Auth cache not set in the context
21:57:38.715 [main] DEBUG org.apache.http.client.protocol.RequestTargetAuthentication - Target auth state: UNCHALLENGED
21:57:38.715 [main] DEBUG org.apache.http.client.protocol.RequestProxyAuthentication - Proxy auth state: UNCHALLENGED
21:57:38.715 [main] DEBUG org.apache.http.impl.client.DefaultHttpClient - Attempt 1 to execute request
21:57:38.715 [main] DEBUG org.apache.http.impl.conn.DefaultClientConnection - Sending request: POST /api/auth/login HTTP/1.1
21:57:38.716 [main] DEBUG org.apache.http.wire -  >> "POST /api/auth/login HTTP/1.1[\r][\n]"
21:57:38.716 [main] DEBUG org.apache.http.wire -  >> "Accept: */*[\r][\n]"
21:57:38.716 [main] DEBUG org.apache.http.wire -  >> "Content-Type: application/json[\r][\n]"
21:57:38.716 [main] DEBUG org.apache.http.wire -  >> "Content-Length: 9[\r][\n]"
21:57:38.716 [main] DEBUG org.apache.http.wire -  >> "Host: altashop-api.fly.dev[\r][\n]"
21:57:38.716 [main] DEBUG org.apache.http.wire -  >> "Connection: Keep-Alive[\r][\n]"
21:57:38.716 [main] DEBUG org.apache.http.wire -  >> "User-Agent: Apache-HttpClient/4.5.13 (Java/19.0.2)[\r][\n]"
21:57:38.716 [main] DEBUG org.apache.http.wire -  >> "Accept-Encoding: gzip,deflate[\r][\n]"
21:57:38.716 [main] DEBUG org.apache.http.wire -  >> "[\r][\n]"
21:57:38.716 [main] DEBUG org.apache.http.headers - >> POST /api/auth/login HTTP/1.1
21:57:38.716 [main] DEBUG org.apache.http.headers - >> Accept: */*
21:57:38.716 [main] DEBUG org.apache.http.headers - >> Content-Type: application/json
21:57:38.716 [main] DEBUG org.apache.http.headers - >> Content-Length: 9
21:57:38.716 [main] DEBUG org.apache.http.headers - >> Host: altashop-api.fly.dev
21:57:38.716 [main] DEBUG org.apache.http.headers - >> Connection: Keep-Alive
21:57:38.716 [main] DEBUG org.apache.http.headers - >> User-Agent: Apache-HttpClient/4.5.13 (Java/19.0.2)
21:57:38.716 [main] DEBUG org.apache.http.headers - >> Accept-Encoding: gzip,deflate
21:57:38.716 [main] DEBUG org.apache.http.wire -  >> "{" ":" "}"
21:57:38.989 [main] DEBUG org.apache.http.wire -  << "HTTP/1.1 400 Bad Request[\r][\n]"
21:57:38.990 [main] DEBUG org.apache.http.wire -  << "content-type: application/json[\r][\n]"
21:57:38.990 [main] DEBUG org.apache.http.wire -  << "date: Wed, 10 May 2023 14:57:38 GMT[\r][\n]"
21:57:38.991 [main] DEBUG org.apache.http.wire -  << "content-encoding: gzip[\r][\n]"
21:57:38.992 [main] DEBUG org.apache.http.wire -  << "transfer-encoding: chunked[\r][\n]"
21:57:38.993 [main] DEBUG org.apache.http.wire -  << "server: Fly/3f2597ca (2023-05-03)[\r][\n]"
21:57:38.993 [main] DEBUG org.apache.http.wire -  << "via: 1.1 fly.io[\r][\n]"
21:57:38.993 [main] DEBUG org.apache.http.wire -  << "fly-request-id: 01H032NWTQB48YQXS5TBDZ57VY-sin[\r][\n]"
21:57:38.993 [main] DEBUG org.apache.http.wire -  << "[\r][\n]"
[...]
21:57:50.782 [main] DEBUG org.apache.http.headers - << server: Fly/3f2597ca (2023-05-03)
21:57:50.782 [main] DEBUG org.apache.http.headers - << via: 1.1 fly.io
21:57:50.782 [main] DEBUG org.apache.http.headers - << fly-request-id: 01H032P8EZBVKZJYVGZJCY0365-sin
21:57:50.783 [main] DEBUG org.apache.http.impl.client.DefaultHttpClient - Connection can be kept alive indefinitely
21:57:50.783 [main] DEBUG io.restassured.internal.RestAssuredHttpBuilder - Parsing response as: application/json
21:57:50.783 [main] DEBUG org.apache.http.wire -  << "94[\r][\n]"
21:57:50.783 [main] DEBUG org.apache.http.wire -  << "[0x1f][0x8b][0x8][0x0][0x0][0x0][0x0][0x0][0x4][0xff][0xab]VJI,IT[0xb2][0xaa]V[0xf2]tQ[0xb2]24650[0xd0]Q[0xf2]K[0xcc]MU[0xb2]R[0x8a]p[0xf2][0x8f]0T[0xd2]QrI-N.[0xca],([0xc9][0xcc][0xcf]S[0xb2]RR[0xd2]Q[\n]"
21:57:50.783 [main] DEBUG org.apache.http.wire -  << "([0xca]LNU[0xb2]2[0xb1][0xb4][0xd4]Q[\n]"
21:57:50.783 [main] DEBUG org.apache.http.wire -  << "J,[0xc9][0xcc]K/V[0xb2]2[0xd5]QrN,IM[0xcf]/[0xca]L-V[0xb2][0x8a][0x86][0x9a]hdjb[0x8]7[0xd1]=173/[0x1d][0xc3]H[0xb7][0xfc]"[0x85]t[0xb0][0x94]BAiQA~qj[0xb1]Rmlm-[0x17][0x0][0xf1]sX[0xfa][0x9e][0x0][0x0][0x0]"
21:57:50.783 [main] DEBUG org.apache.http.wire -  << "[\r][\n]"
21:57:50.783 [main] DEBUG org.apache.http.wire -  << "0[\r][\n]"
21:57:50.783 [main] DEBUG org.apache.http.wire -  << "[\r][\n]"
21:57:50.783 [main] DEBUG io.restassured.internal.RestAssuredHttpBuilder - Parsed data to instance of: class org.apache.http.conn.EofSensorInputStream
21:57:50.785 [main] DEBUG org.apache.http.impl.conn.BasicClientConnectionManager - Releasing connection org.apache.http.impl.conn.ManagedClientConnectionImpl@68c47cf9
21:57:50.785 [main] DEBUG org.apache.http.impl.conn.BasicClientConnectionManager - Connection can be kept alive indefinitely
21:57:50.786 [main] DEBUG net.thucydides.core.steps.StepInterceptor - STEP DONE: I send POST HTTP request rating
  &amp#27;[32mWhen &amp#27;[0m&amp#27;[32mI send POST HTTP request rating&amp#27;[0m               &amp#27;[90m# starter.stepdefinitions.RatingSteps.sentPostHttpRequestRating()&amp#27;[0m
21:57:50.790 [main] DEBUG net.thucydides.core.steps.StepInterceptor - STARTING STEP: RatingSteps.receiveValidHttp200Rating - I receive valid HTTP response code 200 rating
21:57:50.792 [main] DEBUG net.thucydides.core.steps.StepInterceptor - STEP DONE: I receive valid HTTP response code 200 rating
  &amp#27;[32mThen &amp#27;[0m&amp#27;[32mI receive valid HTTP response code 200 rating&amp#27;[0m &amp#27;[90m# starter.stepdefinitions.RatingSteps.receiveValidHttp200Rating()&amp#27;[0m
21:57:50.794 [main] INFO  - 
  _____   ___   ___   _____     ___     _     ___   ___   ___   ___  
 |_   _| | __| / __| |_   _|   | _ \   /_\   / __| / __| | __| |   \ 
   | |   | _|  \__ \   | |     |  _/  / _ \  \__ \ \__ \ | _|  | |) |
   |_|   |___| |___/   |_|     |_|   /_/ \_\ |___/ |___/ |___| |___/ 

POST - Give product rating
----------------------------------------------------------------------
]]></system-out>
  </testcase>
  <testcase name="POST - Give product rating out of bond" classname="Rating" time="0.261">
    <system-out><![CDATA[
Scenario: POST - Give product rating out of bond     &amp#27;[90m# src/test/resources/features/7. Rating.feature:12&amp#27;[0m
21:57:50.799 [main] DEBUG io.cucumber.core.plugin.SerenityReporter - Running feature from file:///D:/download/API_Minpro%20(1)/APIMinpro/API/minpro/src/test/resources/features/7.%20Rating.feature
21:57:50.801 [main] INFO  - 
  _____   ___   ___   _____     ___   _____     _     ___   _____   ___   ___  
 |_   _| | __| / __| |_   _|   / __| |_   _|   /_\   | _ \ |_   _| | __| |   \ 
   | |   | _|  \__ \   | |     \__ \   | |    / _ \  |   /   | |   | _|  | |) |
   |_|   |___| |___/   |_|     |___/   |_|   /_/ \_\ |_|_\   |_|   |___| |___/ 

POST - Give product rating out of bond(rating;post---give-product-rating-out-of-bond)
--------------------------------------------------------------------------------
21:57:50.812 [main] DEBUG net.thucydides.core.steps.StepInterceptor - STARTING STEP: RatingSteps.setPostApiEndpointRating2 - I set POST api endpoints rating2
21:57:50.812 [main] DEBUG net.thucydides.core.steps.StepInterceptor - STEP DONE: I set POST api endpoints rating2
  &amp#27;[32mGiven &amp#27;[0m&amp#27;[32mI set POST api endpoints rating2&amp#27;[0m             &amp#27;[90m# starter.stepdefinitions.RatingSteps.setPostApiEndpointRating2()&amp#27;[0m
21:57:50.816 [main] DEBUG net.thucydides.core.steps.StepInterceptor - STARTING STEP: RatingSteps.sendPostHttpRequestRating2 - I send POST HTTP request rating
21:57:50.818 [main] DEBUG net.thucydides.core.steps.StepInterceptor - STARTING STEP: Rating.sendPostHttpRequestRating2 - I set POST api endpoints rating2
21:57:50.819 [main] DEBUG net.thucydides.core.steps.StepInterceptor - STEP DONE: I set POST api endpoints rating2
21:57:50.832 [main] DEBUG org.apache.http.impl.conn.BasicClientConnectionManager - Get connection for route {s}->https://altashop-api.fly.dev:443
21:57:50.832 [main] DEBUG org.apache.http.impl.conn.DefaultClientConnectionOperator - Connecting to altashop-api.fly.dev:443
21:57:50.968 [main] DEBUG org.apache.http.client.protocol.RequestAddCookies - CookieSpec selected: ignoreCookies
21:57:50.968 [main] DEBUG org.apache.http.client.protocol.RequestAuthCache - Auth cache not set in the context
21:57:50.968 [main] DEBUG org.apache.http.client.protocol.RequestProxyAuthentication - Proxy auth state: UNCHALLENGED
21:57:50.968 [main] DEBUG org.apache.http.impl.client.DefaultHttpClient - Attempt 1 to execute request
21:57:50.969 [main] DEBUG org.apache.http.impl.conn.DefaultClientConnection - Sending request: POST /api/products/13500/ratings HTTP/1.1
21:57:50.969 [main] DEBUG org.apache.http.wire -  >> "POST /api/products/13500/ratings HTTP/1.1[\r][\n]"
21:57:50.969 [main] DEBUG org.apache.http.wire -  >> "Authorization: Bearer eyJhbGciOiJIUzI1NiIsInR5cCI6IkpXVCJ9.eyJGdWxsbmFtZSI6IkFkaXR5YSBOdWdyYWhhIiwiRW1haWwiOiJhZGl0QGdtYWlsLmNvbSJ9.VM2lARkmmliu1pWtk1uhb8z5fGaElvH1jIoYM72Te3g[\r][\n]"
21:57:50.969 [main] DEBUG org.apache.http.wire -  >> "Accept: */*[\r][\n]"
21:57:50.969 [main] DEBUG org.apache.http.wire -  >> "Content-Type: text/plain; charset=ISO-8859-1[\r][\n]"
21:57:50.969 [main] DEBUG org.apache.http.wire -  >> "Content-Length: 12[\r][\n]"
21:57:50.969 [main] DEBUG org.apache.http.wire -  >> "Host: altashop-api.fly.dev[\r][\n]"
21:57:50.969 [main] DEBUG org.apache.http.wire -  >> "Connection: Keep-Alive[\r][\n]"
21:57:50.969 [main] DEBUG org.apache.http.wire -  >> "User-Agent: Apache-HttpClient/4.5.13 (Java/19.0.2)[\r][\n]"
21:57:50.969 [main] DEBUG org.apache.http.wire -  >> "Accept-Encoding: gzip,deflate[\r][\n]"
21:57:50.969 [main] DEBUG org.apache.http.wire -  >> "[\r][\n]"
21:57:50.969 [main] DEBUG org.apache.http.headers - >> POST /api/products/13500/ratings HTTP/1.1
21:57:50.969 [main] DEBUG org.apache.http.headers - >> Authorization: Bearer eyJhbGciOiJIUzI1NiIsInR5cCI6IkpXVCJ9.eyJGdWxsbmFtZSI6IkFkaXR5YSBOdWdyYWhhIiwiRW1haWwiOiJhZGl0QGdtYWlsLmNvbSJ9.VM2lARkmmliu1pWtk1uhb8z5fGaElvH1jIoYM72Te3g
21:57:50.969 [main] DEBUG org.apache.http.headers - >> Accept: */*
21:57:50.969 [main] DEBUG org.apache.http.headers - >> Content-Type: text/plain; charset=ISO-8859-1
21:57:50.969 [main] DEBUG org.apache.http.headers - >> Content-Length: 12
21:57:50.969 [main] DEBUG org.apache.http.headers - >> Host: altashop-api.fly.dev
21:57:50.969 [main] DEBUG org.apache.http.headers - >> Connection: Keep-Alive
21:57:50.969 [main] DEBUG org.apache.http.headers - >> User-Agent: Apache-HttpClient/4.5.13 (Java/19.0.2)
21:57:50.969 [main] DEBUG org.apache.http.headers - >> Accept-Encoding: gzip,deflate
21:57:50.969 [main] DEBUG org.apache.http.wire -  >> "{"count":10}"
21:57:51.043 [main] DEBUG org.apache.http.wire -  << "HTTP/1.1 500 Internal Server Error[\r][\n]"
21:57:51.043 [main] DEBUG org.apache.http.wire -  << "content-type: application/json[\r][\n]"
21:57:51.043 [main] DEBUG org.apache.http.wire -  << "date: Wed, 10 May 2023 14:57:50 GMT[\r][\n]"
21:57:51.043 [main] DEBUG org.apache.http.wire -  << "content-encoding: gzip[\r][\n]"
21:57:51.043 [main] DEBUG org.apache.http.wire -  << "transfer-encoding: chunked[\r][\n]"
21:57:51.043 [main] DEBUG org.apache.http.wire -  << "server: Fly/3f2597ca (2023-05-03)[\r][\n]"
21:57:51.043 [main] DEBUG org.apache.http.wire -  << "via: 1.1 fly.io[\r][\n]"
21:57:51.043 [main] DEBUG org.apache.http.wire -  << "fly-request-id: 01H032P8QDERH5JEMJJAWYTDX4-sin[\r][\n]"
21:57:51.043 [main] DEBUG org.apache.http.wire -  << "[\r][\n]"
21:57:51.043 [main] DEBUG org.apache.http.impl.conn.DefaultClientConnection - Receiving response: HTTP/1.1 500 Internal Server Error
21:57:51.043 [main] DEBUG org.apache.http.headers - << HTTP/1.1 500 Internal Server Error
21:57:51.043 [main] DEBUG org.apache.http.headers - << content-type: application/json
21:57:51.043 [main] DEBUG org.apache.http.headers - << date: Wed, 10 May 2023 14:57:50 GMT
21:57:51.043 [main] DEBUG org.apache.http.headers - << content-encoding: gzip
21:57:51.043 [main] DEBUG org.apache.http.headers - << transfer-encoding: chunked
21:57:51.043 [main] DEBUG org.apache.http.headers - << server: Fly/3f2597ca (2023-05-03)
21:57:51.043 [main] DEBUG org.apache.http.headers - << via: 1.1 fly.io
21:57:51.043 [main] DEBUG org.apache.http.headers - << fly-request-id: 01H032P8QDERH5JEMJJAWYTDX4-sin
21:57:51.043 [main] DEBUG org.apache.http.impl.client.DefaultHttpClient - Connection can be kept alive indefinitely
21:57:51.044 [main] DEBUG io.restassured.internal.RestAssuredHttpBuilder - Parsing response as: application/json
21:57:51.044 [main] DEBUG org.apache.http.wire -  << "80[\r][\n]"
21:57:51.044 [main] DEBUG org.apache.http.wire -  << "[0x1f][0x8b][0x8][0x0][0x0][0x0][0x0][0x0][0x4][0xff][0xab]VJ-*[0xca]/R[0xb2]Rr[\r][\n]"
21:57:51.044 [main] DEBUG org.apache.http.wire -  << "[0xf2][0xf][0xb2]R[0xc8]K-W([0xca]/WH[0xcb]/R(J[0xcd]I,[0xc9][0xcc][0xcf]S[0x88]Q*J,[0xc9][0xcc]K/[0x8e]QR([0xcb][0xcc][0xcf]I,I-VH[0xce]HM[0xce]VH[0xce][0xcf]+.)J[0xcc][0xcc]+A[0xa8][0x8a]O[0xce]/[0xcd]+[0x89][0x7]+[0x88]QR[0xd0][0x8][0xe][0xf4][0x9][0xe]q[0xc]qU02654[0xd1]T[0xaa][0xe5][0x2][0x0]t[0xdc]t[0xaa]w[0x0][0x0][0x0]"
21:57:51.044 [main] DEBUG org.apache.http.wire -  << "[\r][\n]"
21:57:51.044 [main] DEBUG org.apache.http.wire -  << "0[\r][\n]"
21:57:51.044 [main] DEBUG org.apache.http.wire -  << "[\r][\n]"
21:57:51.044 [main] DEBUG io.restassured.internal.RestAssuredHttpBuilder - Parsed data to instance of: class org.apache.http.conn.EofSensorInputStream
21:57:51.045 [main] DEBUG org.apache.http.impl.conn.BasicClientConnectionManager - Releasing connection org.apache.http.impl.conn.ManagedClientConnectionImpl@3f22ce2a
21:57:51.045 [main] DEBUG org.apache.http.impl.conn.BasicClientConnectionManager - Connection can be kept alive indefinitely
21:57:51.046 [main] DEBUG net.thucydides.core.steps.StepInterceptor - STEP DONE: I send POST HTTP request rating
  &amp#27;[32mWhen &amp#27;[0m&amp#27;[32mI send POST HTTP request rating2&amp#27;[0m              &amp#27;[90m# starter.stepdefinitions.RatingSteps.sendPostHttpRequestRating2()&amp#27;[0m
21:57:51.051 [main] DEBUG net.thucydides.core.steps.StepInterceptor - STARTING STEP: RatingSteps.receiveValidHttp500Rating - Then I receive valid HTTP response code 500 rating
21:57:51.053 [main] DEBUG net.thucydides.core.steps.StepInterceptor - STEP DONE: Then I receive valid HTTP response code 500 rating
  &amp#27;[32mThen &amp#27;[0m&amp#27;[32mI receive valid HTTP response code 500 rating&amp#27;[0m &amp#27;[90m# starter.stepdefinitions.RatingSteps.receiveValidHttp500Rating()&amp#27;[0m
21:57:51.056 [main] INFO  - 
  _____   ___   ___   _____     ___     _     ___   ___   ___   ___  
 |_   _| | __| / __| |_   _|   | _ \   /_\   / __| / __| | __| |   \ 
   | |   | _|  \__ \   | |     |  _/  / _ \  \__ \ \__ \ | _|  | |) |
   |_|   |___| |___/   |_|     |_|   /_/ \_\ |___/ |___/ |___| |___/ 

POST - Give product rating out of bond
----------------------------------------------------------------------
]]></system-out>
  </testcase>
  <testcase name="GET - Get product rating" classname="Rating" time="0.265">
    <system-out><![CDATA[
Scenario: GET - Get product rating                   &amp#27;[90m# src/test/resources/features/7. Rating.feature:17&amp#27;[0m
21:57:51.062 [main] DEBUG io.cucumber.core.plugin.SerenityReporter - Running feature from file:///D:/download/API_Minpro%20(1)/APIMinpro/API/minpro/src/test/resources/features/7.%20Rating.feature
21:57:51.064 [main] INFO  - 
  _____   ___   ___   _____     ___   _____     _     ___   _____   ___   ___  
 |_   _| | __| / __| |_   _|   / __| |_   _|   /_\   | _ \ |_   _| | __| |   \ 
   | |   | _|  \__ \   | |     \__ \   | |    / _ \  |   /   | |   | _|  | |) |
   |_|   |___| |___/   |_|     |___/   |_|   /_/ \_\ |_|_\   |_|   |___| |___/ 

GET - Get product rating(rating;get---get-product-rating)
--------------------------------------------------------------------------------
21:57:51.079 [main] DEBUG net.thucydides.core.steps.StepInterceptor - STARTING STEP: RatingSteps.setGetApiEndpointRating - I set GET api endpoints rating
21:57:51.079 [main] DEBUG net.thucydides.core.steps.StepInterceptor - STEP DONE: I set GET api endpoints rating
  &amp#27;[32mGiven &amp#27;[0m&amp#27;[32mI set GET api endpoints rating&amp#27;[0m               &amp#27;[90m# starter.stepdefinitions.RatingSteps.setGetApiEndpointRating()&amp#27;[0m
21:57:51.084 [main] DEBUG net.thucydides.core.steps.StepInterceptor - STARTING STEP: RatingSteps.sendGetHttpRequestRating - I send GET HTTP request rating
21:57:51.086 [main] DEBUG net.thucydides.core.steps.StepInterceptor - STARTING STEP: Rating.sendGetHttpRequestRating - I set GET api endpoints rating
21:57:51.087 [main] DEBUG net.thucydides.core.steps.StepInterceptor - STEP DONE: I set GET api endpoints rating
21:57:51.098 [main] DEBUG org.apache.http.impl.conn.BasicClientConnectionManager - Get connection for route {s}->https://altashop-api.fly.dev:443
21:57:51.098 [main] DEBUG org.apache.http.impl.conn.DefaultClientConnectionOperator - Connecting to altashop-api.fly.dev:443
21:57:51.239 [main] DEBUG org.apache.http.client.protocol.RequestAddCookies - CookieSpec selected: ignoreCookies
21:57:51.239 [main] DEBUG org.apache.http.client.protocol.RequestAuthCache - Auth cache not set in the context
21:57:51.239 [main] DEBUG org.apache.http.client.protocol.RequestTargetAuthentication - Target auth state: UNCHALLENGED
21:57:51.239 [main] DEBUG org.apache.http.client.protocol.RequestProxyAuthentication - Proxy auth state: UNCHALLENGED
21:57:51.239 [main] DEBUG org.apache.http.impl.client.DefaultHttpClient - Attempt 1 to execute request
21:57:51.239 [main] DEBUG org.apache.http.impl.conn.DefaultClientConnection - Sending request: GET /api/products/13500/ratings HTTP/1.1
21:57:51.239 [main] DEBUG org.apache.http.wire -  >> "GET /api/products/13500/ratings HTTP/1.1[\r][\n]"
21:57:51.239 [main] DEBUG org.apache.http.wire -  >> "Accept: */*[\r][\n]"
21:57:51.239 [main] DEBUG org.apache.http.wire -  >> "Host: altashop-api.fly.dev[\r][\n]"
21:57:51.239 [main] DEBUG org.apache.http.wire -  >> "Connection: Keep-Alive[\r][\n]"
21:57:51.239 [main] DEBUG org.apache.http.wire -  >> "User-Agent: Apache-HttpClient/4.5.13 (Java/19.0.2)[\r][\n]"
21:57:51.239 [main] DEBUG org.apache.http.wire -  >> "Accept-Encoding: gzip,deflate[\r][\n]"
21:57:51.239 [main] DEBUG org.apache.http.wire -  >> "[\r][\n]"
21:57:51.239 [main] DEBUG org.apache.http.headers - >> GET /api/products/13500/ratings HTTP/1.1
21:57:51.239 [main] DEBUG org.apache.http.headers - >> Accept: */*
21:57:51.239 [main] DEBUG org.apache.http.headers - >> Host: altashop-api.fly.dev
21:57:51.239 [main] DEBUG org.apache.http.headers - >> Connection: Keep-Alive
21:57:51.240 [main] DEBUG org.apache.http.headers - >> User-Agent: Apache-HttpClient/4.5.13 (Java/19.0.2)
21:57:51.240 [main] DEBUG org.apache.http.headers - >> Accept-Encoding: gzip,deflate
21:57:51.309 [main] DEBUG org.apache.http.wire -  << "HTTP/1.1 200 OK[\r][\n]"
21:57:51.309 [main] DEBUG org.apache.http.wire -  << "content-type: application/json[\r][\n]"
21:57:51.309 [main] DEBUG org.apache.http.wire -  << "date: Wed, 10 May 2023 14:57:50 GMT[\r][\n]"
21:57:51.309 [main] DEBUG org.apache.http.wire -  << "content-encoding: gzip[\r][\n]"
21:57:51.309 [main] DEBUG org.apache.http.wire -  << "transfer-encoding: chunked[\r][\n]"
21:57:51.309 [main] DEBUG org.apache.http.wire -  << "server: Fly/3f2597ca (2023-05-03)[\r][\n]"
21:57:51.309 [main] DEBUG org.apache.http.wire -  << "via: 1.1 fly.io[\r][\n]"
21:57:51.309 [main] DEBUG org.apache.http.wire -  << "fly-request-id: 01H032P8ZRFTDKF7YM4ZQGKZ0F-sin[\r][\n]"
21:57:51.309 [main] DEBUG org.apache.http.wire -  << "[\r][\n]"
21:57:51.309 [main] DEBUG org.apache.http.impl.conn.DefaultClientConnection - Receiving response: HTTP/1.1 200 OK
21:57:51.309 [main] DEBUG org.apache.http.headers - << HTTP/1.1 200 OK
21:57:51.309 [main] DEBUG org.apache.http.headers - << content-type: application/json
21:57:51.309 [main] DEBUG org.apache.http.headers - << date: Wed, 10 May 2023 14:57:50 GMT
21:57:51.309 [main] DEBUG org.apache.http.headers - << content-encoding: gzip
21:57:51.309 [main] DEBUG org.apache.http.headers - << transfer-encoding: chunked
21:57:51.309 [main] DEBUG org.apache.http.headers - << server: Fly/3f2597ca (2023-05-03)
21:57:51.309 [main] DEBUG org.apache.http.headers - << via: 1.1 fly.io
21:57:51.309 [main] DEBUG org.apache.http.headers - << fly-request-id: 01H032P8ZRFTDKF7YM4ZQGKZ0F-sin
21:57:51.309 [main] DEBUG org.apache.http.impl.client.DefaultHttpClient - Connection can be kept alive indefinitely
21:57:51.309 [main] DEBUG io.restassured.internal.RestAssuredHttpBuilder - Parsing response as: application/json
21:57:51.309 [main] DEBUG org.apache.http.wire -  << "1F[\r][\n]"
21:57:51.309 [main] DEBUG org.apache.http.wire -  << "[0x1f][0x8b][0x8][0x0][0x0][0x0][0x0][0x0][0x4][0xff][0xab]VJI,IT[0xb2]2[0xad][0xe5][0x2][0x0][0x83]B[0x1e]G[0xb][0x0][0x0][0x0]"
21:57:51.309 [main] DEBUG org.apache.http.wire -  << "[\r][\n]"
21:57:51.310 [main] DEBUG org.apache.http.wire -  << "0[\r][\n]"
21:57:51.310 [main] DEBUG org.apache.http.wire -  << "[\r][\n]"
21:57:51.310 [main] DEBUG io.restassured.internal.RestAssuredHttpBuilder - Parsed data to instance of: class org.apache.http.conn.EofSensorInputStream
21:57:51.311 [main] DEBUG org.apache.http.impl.conn.BasicClientConnectionManager - Releasing connection org.apache.http.impl.conn.ManagedClientConnectionImpl@1f602930
21:57:51.311 [main] DEBUG org.apache.http.impl.conn.BasicClientConnectionManager - Connection can be kept alive indefinitely
21:57:51.312 [main] DEBUG net.thucydides.core.steps.StepInterceptor - STEP DONE: I send GET HTTP request rating
  &amp#27;[32mWhen &amp#27;[0m&amp#27;[32mI send GET HTTP request rating&amp#27;[0m                &amp#27;[90m# starter.stepdefinitions.RatingSteps.sendGetHttpRequestRating()&amp#27;[0m
21:57:51.317 [main] DEBUG net.thucydides.core.steps.StepInterceptor - STARTING STEP: RatingSteps.receiveValidHttp200Rating - I receive valid HTTP response code 200 rating
21:57:51.318 [main] DEBUG net.thucydides.core.steps.StepInterceptor - STEP DONE: I receive valid HTTP response code 200 rating
  &amp#27;[32mThen &amp#27;[0m&amp#27;[32mI receive valid HTTP response code 200 rating&amp#27;[0m &amp#27;[90m# starter.stepdefinitions.RatingSteps.receiveValidHttp200Rating()&amp#27;[0m
21:57:51.321 [main] INFO  - 
  _____   ___   ___   _____     ___     _     ___   ___   ___   ___  
 |_   _| | __| / __| |_   _|   | _ \   /_\   / __| / __| | __| |   \ 
   | |   | _|  \__ \   | |     |  _/  / _ \  \__ \ \__ \ | _|  | |) |
   |_|   |___| |___/   |_|     |_|   /_/ \_\ |___/ |___/ |___| |___/ 

GET - Get product rating
----------------------------------------------------------------------
]]></system-out>
  </testcase>
</testsuite>